This is pdfTeX, Version 3.1415926-1.40.11 (MiKTeX 2.9) (preloaded format=pdflatex 2016.5.2)  14 JUN 2018 10:35
entering extended mode
**lsInequality-Slides.tex

(D:\slacalek\research\hfcs\effectsofmp\20171222\Presentation\lsInequality-Slide
s.tex
LaTeX2e <2009/09/24>
Babel <v3.8l> and hyphenation patterns for english, afrikaans, ancientgreek, ar
abic, armenian, assamese, basque, bengali, bokmal, bulgarian, catalan, coptic, 
croatian, czech, danish, dutch, esperanto, estonian, farsi, finnish, french, ga
lician, german, german-x-2009-06-19, greek, gujarati, hindi, hungarian, iceland
ic, indonesian, interlingua, irish, italian, kannada, kurmanji, lao, latin, lat
vian, lithuanian, malayalam, marathi, mongolian, mongolianlmc, monogreek, ngerm
an, ngerman-x-2009-06-19, nynorsk, oriya, panjabi, pinyin, polish, portuguese, 
romanian, russian, sanskrit, serbian, slovak, slovenian, spanish, swedish, swis
sgerman, tamil, telugu, turkish, turkmen, ukenglish, ukrainian, uppersorbian, u
senglishmax, welsh, loaded.
(C:\Users\slacale\AppData\Roaming\MiKTeX\2.9\tex\latex\beamer\base\beamer.cls
(C:\Users\slacale\AppData\Roaming\MiKTeX\2.9\tex\latex\beamer\base\beamerbaserc
s.sty
Package: beamerbasercs 2013/12/25 (rcs-revision 31cc758a62ae)
)
Document Class: beamer 2013/12/02 3.33 A class for typesetting presentations (r
cs-revision 332bfd3ce558)

(C:\Users\slacale\AppData\Roaming\MiKTeX\2.9\tex\latex\beamer\base\beamerbasemo
des.sty
Package: beamerbasemodes 2013/09/03 (rcs-revision 768f2d98ca64)
\beamer@tempbox=\box26
\beamer@tempcount=\count79
\c@beamerpauses=\count80

(C:\Users\slacale\AppData\Roaming\MiKTeX\2.9\tex\latex\beamer\base\beamerbasede
code.sty
Package: beamerbasedecode 2010/05/01 (rcs-revision efa082c6111d)
\beamer@slideinframe=\count81
\beamer@minimum=\count82
)
\beamer@commentbox=\box27
\beamer@modecount=\count83
) (C:\Apps\Miktex295\tex\generic\oberdiek\ifpdf.sty
Package: ifpdf 2011/01/30 v2.3 Provides the ifpdf switch (HO)
Package ifpdf Info: pdfTeX in PDF mode is detected.
)
\headheight=\dimen102
\headdp=\dimen103
\footheight=\dimen104
\sidebarheight=\dimen105
\beamer@tempdim=\dimen106
\beamer@finalheight=\dimen107
\beamer@animht=\dimen108
\beamer@animdp=\dimen109
\beamer@animwd=\dimen110
\beamer@leftmargin=\dimen111
\beamer@rightmargin=\dimen112
\beamer@leftsidebar=\dimen113
\beamer@rightsidebar=\dimen114
\beamer@boxsize=\dimen115
\beamer@vboxoffset=\dimen116
\beamer@descdefault=\dimen117
\beamer@descriptionwidth=\dimen118
\beamer@lastskip=\skip41
\beamer@areabox=\box28
\beamer@animcurrent=\box29
\beamer@animshowbox=\box30
\beamer@sectionbox=\box31
\beamer@logobox=\box32
\beamer@linebox=\box33
\beamer@sectioncount=\count84
\beamer@subsubsectionmax=\count85
\beamer@subsectionmax=\count86
\beamer@sectionmax=\count87
\beamer@totalheads=\count88
\beamer@headcounter=\count89
\beamer@partstartpage=\count90
\beamer@sectionstartpage=\count91
\beamer@subsectionstartpage=\count92
\beamer@animationtempa=\count93
\beamer@animationtempb=\count94
\beamer@xpos=\count95
\beamer@ypos=\count96
\beamer@showpartnumber=\count97
\beamer@currentsubsection=\count98
\beamer@coveringdepth=\count99
\beamer@sectionadjust=\count100
\beamer@tocsectionnumber=\count101

(C:\Users\slacale\AppData\Roaming\MiKTeX\2.9\tex\latex\beamer\base\beamerbaseop
tions.sty
Package: beamerbaseoptions 2013/03/10 (rcs-revision 47431932db0d)
 (C:\Apps\Miktex295\tex\latex\graphics\keyval.sty
Package: keyval 1999/03/16 v1.13 key=value parser (DPC)
\KV@toks@=\toks14
))
\beamer@paperwidth=\skip42
\beamer@paperheight=\skip43

(C:\Apps\Miktex295\tex\latex\geometry\geometry.sty
Package: geometry 2010/09/12 v5.6 Page Geometry

(C:\Apps\Miktex295\tex\generic\oberdiek\ifvtex.sty
Package: ifvtex 2010/03/01 v1.5 Switches for detecting VTeX and its modes (HO)
Package ifvtex Info: VTeX not detected.
)
(C:\Apps\Miktex295\tex\generic\ifxetex\ifxetex.sty
Package: ifxetex 2010/09/12 v0.6 Provides ifxetex conditional
)
\Gm@cnth=\count102
\Gm@cntv=\count103
\c@Gm@tempcnt=\count104
\Gm@bindingoffset=\dimen119
\Gm@wd@mp=\dimen120
\Gm@odd@mp=\dimen121
\Gm@even@mp=\dimen122
\Gm@layoutwidth=\dimen123
\Gm@layoutheight=\dimen124
\Gm@layouthoffset=\dimen125
\Gm@layoutvoffset=\dimen126
\Gm@dimlist=\toks15

(C:\Apps\Miktex295\tex\latex\geometry\geometry.cfg))
(C:\Apps\Miktex295\tex\latex\base\size11.clo
File: size11.clo 2007/10/19 v1.4h Standard LaTeX file (size option)
)
(C:\Users\slacale\AppData\Roaming\MiKTeX\2.9\tex\latex\pgf\basiclayer\pgfcore.s
ty (C:\Apps\Miktex295\tex\latex\graphics\graphicx.sty
Package: graphicx 1999/02/16 v1.0f Enhanced LaTeX Graphics (DPC,SPQR)

(C:\Apps\Miktex295\tex\latex\graphics\graphics.sty
Package: graphics 2009/02/05 v1.0o Standard LaTeX Graphics (DPC,SPQR)

(C:\Apps\Miktex295\tex\latex\graphics\trig.sty
Package: trig 1999/03/16 v1.09 sin cos tan (DPC)
)
(C:\Apps\Miktex295\tex\latex\00miktex\graphics.cfg
File: graphics.cfg 2007/01/18 v1.5 graphics configuration of teTeX/TeXLive
)
Package graphics Info: Driver file: pdftex.def on input line 91.

(C:\Apps\Miktex295\tex\latex\pdftex-def\pdftex.def
File: pdftex.def 2011/04/25 v0.06b Graphics/color for pdfTeX

(C:\Apps\Miktex295\tex\generic\oberdiek\infwarerr.sty
Package: infwarerr 2010/04/08 v1.3 Providing info/warning/message (HO)
)
(C:\Apps\Miktex295\tex\generic\oberdiek\ltxcmds.sty
Package: ltxcmds 2011/04/18 v1.20 LaTeX kernel commands for general use (HO)
)
\Gread@gobject=\count105
))
\Gin@req@height=\dimen127
\Gin@req@width=\dimen128
)
(C:\Users\slacale\AppData\Roaming\MiKTeX\2.9\tex\latex\pgf\systemlayer\pgfsys.s
ty
(C:\Users\slacale\AppData\Roaming\MiKTeX\2.9\tex\latex\pgf\utilities\pgfrcs.sty

(C:\Users\slacale\AppData\Roaming\MiKTeX\2.9\tex\generic\pgf\utilities\pgfutil-
common.tex
\pgfutil@everybye=\toks16
\pgfutil@tempdima=\dimen129
\pgfutil@tempdimb=\dimen130

(C:\Users\slacale\AppData\Roaming\MiKTeX\2.9\tex\generic\pgf\utilities\pgfutil-
common-lists.tex))
(C:\Users\slacale\AppData\Roaming\MiKTeX\2.9\tex\generic\pgf\utilities\pgfutil-
latex.def
\pgfutil@abb=\box34

(C:\Users\slacale\AppData\Roaming\MiKTeX\2.9\tex\latex\ms\everyshi.sty
Package: everyshi 2001/05/15 v3.00 EveryShipout Package (MS)
))
(C:\Users\slacale\AppData\Roaming\MiKTeX\2.9\tex\generic\pgf\utilities\pgfrcs.c
ode.tex
Package: pgfrcs 2013/12/20 v3.0.0 (rcs-revision 1.28)
))
(C:\Users\slacale\AppData\Roaming\MiKTeX\2.9\tex\generic\pgf\systemlayer\pgfsys
.code.tex
Package: pgfsys 2013/11/30 v3.0.0 (rcs-revision 1.47)

(C:\Users\slacale\AppData\Roaming\MiKTeX\2.9\tex\generic\pgf\utilities\pgfkeys.
code.tex
\pgfkeys@pathtoks=\toks17
\pgfkeys@temptoks=\toks18

(C:\Users\slacale\AppData\Roaming\MiKTeX\2.9\tex\generic\pgf\utilities\pgfkeysf
iltered.code.tex
\pgfkeys@tmptoks=\toks19
))
\pgf@x=\dimen131
\pgf@y=\dimen132
\pgf@xa=\dimen133
\pgf@ya=\dimen134
\pgf@xb=\dimen135
\pgf@yb=\dimen136
\pgf@xc=\dimen137
\pgf@yc=\dimen138
\w@pgf@writea=\write3
\r@pgf@reada=\read1
\c@pgf@counta=\count106
\c@pgf@countb=\count107
\c@pgf@countc=\count108
\c@pgf@countd=\count109
\t@pgf@toka=\toks20
\t@pgf@tokb=\toks21
\t@pgf@tokc=\toks22

(C:\Users\slacale\AppData\Roaming\MiKTeX\2.9\tex\generic\pgf\systemlayer\pgf.cf
g
File: pgf.cfg 2008/05/14  (rcs-revision 1.7)
)
Driver file for pgf: pgfsys-pdftex.def

(C:\Users\slacale\AppData\Roaming\MiKTeX\2.9\tex\generic\pgf\systemlayer\pgfsys
-pdftex.def
File: pgfsys-pdftex.def 2013/07/18  (rcs-revision 1.33)

(C:\Users\slacale\AppData\Roaming\MiKTeX\2.9\tex\generic\pgf\systemlayer\pgfsys
-common-pdf.def
File: pgfsys-common-pdf.def 2013/10/10  (rcs-revision 1.13)
)))
(C:\Users\slacale\AppData\Roaming\MiKTeX\2.9\tex\generic\pgf\systemlayer\pgfsys
softpath.code.tex
File: pgfsyssoftpath.code.tex 2013/09/09  (rcs-revision 1.9)
\pgfsyssoftpath@smallbuffer@items=\count110
\pgfsyssoftpath@bigbuffer@items=\count111
)
(C:\Users\slacale\AppData\Roaming\MiKTeX\2.9\tex\generic\pgf\systemlayer\pgfsys
protocol.code.tex
File: pgfsysprotocol.code.tex 2006/10/16  (rcs-revision 1.4)
))
(C:\Users\slacale\AppData\Roaming\MiKTeX\2.9\tex\latex\xcolor\xcolor.sty
Package: xcolor 2007/01/21 v2.11 LaTeX color extensions (UK)

(C:\Apps\Miktex295\tex\latex\00miktex\color.cfg
File: color.cfg 2007/01/18 v1.5 color configuration of teTeX/TeXLive
)
Package xcolor Info: Driver file: pdftex.def on input line 225.
Package xcolor Info: Model `cmy' substituted by `cmy0' on input line 1337.
Package xcolor Info: Model `hsb' substituted by `rgb' on input line 1341.
Package xcolor Info: Model `RGB' extended on input line 1353.
Package xcolor Info: Model `HTML' substituted by `rgb' on input line 1355.
Package xcolor Info: Model `Hsb' substituted by `hsb' on input line 1356.
Package xcolor Info: Model `tHsb' substituted by `hsb' on input line 1357.
Package xcolor Info: Model `HSB' substituted by `hsb' on input line 1358.
Package xcolor Info: Model `Gray' substituted by `gray' on input line 1359.
Package xcolor Info: Model `wave' substituted by `hsb' on input line 1360.
)
(C:\Users\slacale\AppData\Roaming\MiKTeX\2.9\tex\generic\pgf\basiclayer\pgfcore
.code.tex
Package: pgfcore 2010/04/11 v3.0.0 (rcs-revision 1.7)

(C:\Users\slacale\AppData\Roaming\MiKTeX\2.9\tex\generic\pgf\math\pgfmath.code.
tex
(C:\Users\slacale\AppData\Roaming\MiKTeX\2.9\tex\generic\pgf\math\pgfmathcalc.c
ode.tex
(C:\Users\slacale\AppData\Roaming\MiKTeX\2.9\tex\generic\pgf\math\pgfmathutil.c
ode.tex)
(C:\Users\slacale\AppData\Roaming\MiKTeX\2.9\tex\generic\pgf\math\pgfmathparser
.code.tex
\pgfmath@dimen=\dimen139
\pgfmath@count=\count112
\pgfmath@box=\box35
\pgfmath@toks=\toks23
\pgfmath@stack@operand=\toks24
\pgfmath@stack@operation=\toks25
)
(C:\Users\slacale\AppData\Roaming\MiKTeX\2.9\tex\generic\pgf\math\pgfmathfuncti
ons.code.tex
(C:\Users\slacale\AppData\Roaming\MiKTeX\2.9\tex\generic\pgf\math\pgfmathfuncti
ons.basic.code.tex)
(C:\Users\slacale\AppData\Roaming\MiKTeX\2.9\tex\generic\pgf\math\pgfmathfuncti
ons.trigonometric.code.tex)
(C:\Users\slacale\AppData\Roaming\MiKTeX\2.9\tex\generic\pgf\math\pgfmathfuncti
ons.random.code.tex)
(C:\Users\slacale\AppData\Roaming\MiKTeX\2.9\tex\generic\pgf\math\pgfmathfuncti
ons.comparison.code.tex)
(C:\Users\slacale\AppData\Roaming\MiKTeX\2.9\tex\generic\pgf\math\pgfmathfuncti
ons.base.code.tex)
(C:\Users\slacale\AppData\Roaming\MiKTeX\2.9\tex\generic\pgf\math\pgfmathfuncti
ons.round.code.tex)
(C:\Users\slacale\AppData\Roaming\MiKTeX\2.9\tex\generic\pgf\math\pgfmathfuncti
ons.misc.code.tex)
(C:\Users\slacale\AppData\Roaming\MiKTeX\2.9\tex\generic\pgf\math\pgfmathfuncti
ons.integerarithmetics.code.tex)))
(C:\Users\slacale\AppData\Roaming\MiKTeX\2.9\tex\generic\pgf\math\pgfmathfloat.
code.tex
\c@pgfmathroundto@lastzeros=\count113
))
(C:\Users\slacale\AppData\Roaming\MiKTeX\2.9\tex\generic\pgf\basiclayer\pgfcore
points.code.tex
File: pgfcorepoints.code.tex 2013/10/07  (rcs-revision 1.27)
\pgf@picminx=\dimen140
\pgf@picmaxx=\dimen141
\pgf@picminy=\dimen142
\pgf@picmaxy=\dimen143
\pgf@pathminx=\dimen144
\pgf@pathmaxx=\dimen145
\pgf@pathminy=\dimen146
\pgf@pathmaxy=\dimen147
\pgf@xx=\dimen148
\pgf@xy=\dimen149
\pgf@yx=\dimen150
\pgf@yy=\dimen151
\pgf@zx=\dimen152
\pgf@zy=\dimen153
)
(C:\Users\slacale\AppData\Roaming\MiKTeX\2.9\tex\generic\pgf\basiclayer\pgfcore
pathconstruct.code.tex
File: pgfcorepathconstruct.code.tex 2013/10/07  (rcs-revision 1.29)
\pgf@path@lastx=\dimen154
\pgf@path@lasty=\dimen155
)
(C:\Users\slacale\AppData\Roaming\MiKTeX\2.9\tex\generic\pgf\basiclayer\pgfcore
pathusage.code.tex
File: pgfcorepathusage.code.tex 2013/12/13  (rcs-revision 1.23)
\pgf@shorten@end@additional=\dimen156
\pgf@shorten@start@additional=\dimen157
)
(C:\Users\slacale\AppData\Roaming\MiKTeX\2.9\tex\generic\pgf\basiclayer\pgfcore
scopes.code.tex
File: pgfcorescopes.code.tex 2013/10/09  (rcs-revision 1.44)
\pgfpic=\box36
\pgf@hbox=\box37
\pgf@layerbox@main=\box38
\pgf@picture@serial@count=\count114
)
(C:\Users\slacale\AppData\Roaming\MiKTeX\2.9\tex\generic\pgf\basiclayer\pgfcore
graphicstate.code.tex
File: pgfcoregraphicstate.code.tex 2013/09/19  (rcs-revision 1.11)
\pgflinewidth=\dimen158
)
(C:\Users\slacale\AppData\Roaming\MiKTeX\2.9\tex\generic\pgf\basiclayer\pgfcore
transformations.code.tex
File: pgfcoretransformations.code.tex 2013/10/10  (rcs-revision 1.17)
\pgf@pt@x=\dimen159
\pgf@pt@y=\dimen160
\pgf@pt@temp=\dimen161
)
(C:\Users\slacale\AppData\Roaming\MiKTeX\2.9\tex\generic\pgf\basiclayer\pgfcore
quick.code.tex
File: pgfcorequick.code.tex 2008/10/09  (rcs-revision 1.3)
)
(C:\Users\slacale\AppData\Roaming\MiKTeX\2.9\tex\generic\pgf\basiclayer\pgfcore
objects.code.tex
File: pgfcoreobjects.code.tex 2006/10/11  (rcs-revision 1.2)
)
(C:\Users\slacale\AppData\Roaming\MiKTeX\2.9\tex\generic\pgf\basiclayer\pgfcore
pathprocessing.code.tex
File: pgfcorepathprocessing.code.tex 2013/09/09  (rcs-revision 1.9)
)
(C:\Users\slacale\AppData\Roaming\MiKTeX\2.9\tex\generic\pgf\basiclayer\pgfcore
arrows.code.tex
File: pgfcorearrows.code.tex 2013/11/07  (rcs-revision 1.40)
\pgfarrowsep=\dimen162
)
(C:\Users\slacale\AppData\Roaming\MiKTeX\2.9\tex\generic\pgf\basiclayer\pgfcore
shade.code.tex
File: pgfcoreshade.code.tex 2013/07/15  (rcs-revision 1.15)
\pgf@max=\dimen163
\pgf@sys@shading@range@num=\count115
)
(C:\Users\slacale\AppData\Roaming\MiKTeX\2.9\tex\generic\pgf\basiclayer\pgfcore
image.code.tex
File: pgfcoreimage.code.tex 2013/07/15  (rcs-revision 1.18)

(C:\Users\slacale\AppData\Roaming\MiKTeX\2.9\tex\generic\pgf\basiclayer\pgfcore
external.code.tex
File: pgfcoreexternal.code.tex 2013/07/15  (rcs-revision 1.20)
\pgfexternal@startupbox=\box39
))
(C:\Users\slacale\AppData\Roaming\MiKTeX\2.9\tex\generic\pgf\basiclayer\pgfcore
layers.code.tex
File: pgfcorelayers.code.tex 2013/07/18  (rcs-revision 1.7)
)
(C:\Users\slacale\AppData\Roaming\MiKTeX\2.9\tex\generic\pgf\basiclayer\pgfcore
transparency.code.tex
File: pgfcoretransparency.code.tex 2013/09/30  (rcs-revision 1.5)
)
(C:\Users\slacale\AppData\Roaming\MiKTeX\2.9\tex\generic\pgf\basiclayer\pgfcore
patterns.code.tex
File: pgfcorepatterns.code.tex 2013/11/07  (rcs-revision 1.5)
)))
(C:\Users\slacale\AppData\Roaming\MiKTeX\2.9\tex\latex\pgf\utilities\xxcolor.st
y
Package: xxcolor 2003/10/24 ver 0.1
\XC@nummixins=\count116
\XC@countmixins=\count117
) (C:\Apps\Miktex295\tex\generic\oberdiek\atbegshi.sty
Package: atbegshi 2011/01/30 v1.15 At begin shipout hook (HO)
)
(C:\Apps\Miktex295\tex\latex\hyperref\hyperref.sty
Package: hyperref 2011/04/17 v6.82g Hypertext links for LaTeX

(C:\Apps\Miktex295\tex\generic\oberdiek\hobsub-hyperref.sty
Package: hobsub-hyperref 2011/04/23 v1.4 Bundle oberdiek, subset hyperref (HO)

(C:\Apps\Miktex295\tex\generic\oberdiek\hobsub-generic.sty
Package: hobsub-generic 2011/04/23 v1.4 Bundle oberdiek, subset generic (HO)
Package: hobsub 2011/04/23 v1.4 Subsetting bundle oberdiek (HO)
Package hobsub Info: Skipping package `infwarerr' (already loaded).
Package hobsub Info: Skipping package `ltxcmds' (already loaded).
Package: ifluatex 2010/03/01 v1.3 Provides the ifluatex switch (HO)
Package ifluatex Info: LuaTeX not detected.
Package hobsub Info: Skipping package `ifvtex' (already loaded).
Package: intcalc 2007/09/27 v1.1 Expandable integer calculations (HO)
Package hobsub Info: Skipping package `ifpdf' (already loaded).
Package: etexcmds 2011/02/16 v1.5 Prefix for e-TeX command names (HO)
Package etexcmds Info: Could not find \expanded.
(etexcmds)             That can mean that you are not using pdfTeX 1.50 or
(etexcmds)             that some package has redefined \expanded.
(etexcmds)             In the latter case, load this package earlier.
Package: kvsetkeys 2011/04/07 v1.13 Key value parser (HO)
Package: kvdefinekeys 2011/04/07 v1.3 Defining keys (HO)
Package: pdftexcmds 2011/04/22 v0.16 Utilities of pdfTeX for LuaTeX (HO)
Package pdftexcmds Info: LuaTeX not detected.
Package pdftexcmds Info: \pdf@primitive is available.
Package pdftexcmds Info: \pdf@ifprimitive is available.
Package pdftexcmds Info: \pdfdraftmode found.
Package: pdfescape 2011/04/04 v1.12 Provides string conversions (HO)
Package: bigintcalc 2011/01/30 v1.2 Expandable big integer calculations (HO)
Package: bitset 2011/01/30 v1.1 Data type bit set (HO)
Package: uniquecounter 2011/01/30 v1.2 Provides unlimited unique counter (HO)
)
Package hobsub Info: Skipping package `hobsub' (already loaded).
Package: letltxmacro 2010/09/02 v1.4 Let assignment for LaTeX macros (HO)
Package: hopatch 2011/01/30 v1.0 Wrapper for package hooks (HO)
Package: xcolor-patch 2011/01/30 xcolor patch
Package: atveryend 2011/04/23 v1.7 Hooks at very end of document (HO)
Package atveryend Info: \enddocument detected (standard).
Package hobsub Info: Skipping package `atbegshi' (already loaded).
Package: refcount 2010/12/01 v3.2 Data extraction from references (HO)
Package: hycolor 2011/01/30 v1.7 Color options of hyperref/bookmark (HO)
)
(C:\Apps\Miktex295\tex\latex\oberdiek\kvoptions.sty
Package: kvoptions 2010/12/23 v3.10 Keyval support for LaTeX options (HO)
)
\@linkdim=\dimen164
\Hy@linkcounter=\count118
\Hy@pagecounter=\count119

(C:\Apps\Miktex295\tex\latex\hyperref\pd1enc.def
File: pd1enc.def 2011/04/17 v6.82g Hyperref: PDFDocEncoding definition (HO)
)
\Hy@SavedSpaceFactor=\count120

(C:\Apps\Miktex295\tex\latex\00miktex\hyperref.cfg
File: hyperref.cfg 2002/06/06 v1.2 hyperref configuration of TeXLive
)
Package hyperref Info: Option `bookmarks' set `true' on input line 3905.
Package hyperref Info: Option `bookmarksopen' set `true' on input line 3905.
Package hyperref Info: Option `implicit' set `false' on input line 3905.
Package hyperref Info: Hyper figures OFF on input line 4026.
Package hyperref Info: Link nesting OFF on input line 4031.
Package hyperref Info: Hyper index ON on input line 4034.
Package hyperref Info: Plain pages OFF on input line 4041.
Package hyperref Info: Backreferencing OFF on input line 4046.
Package hyperref Info: Implicit mode OFF; no redefinition of LaTeX internals.
Package hyperref Info: Bookmarks ON on input line 4264.
\c@Hy@tempcnt=\count121

(C:\Users\slacale\AppData\Roaming\MiKTeX\2.9\tex\latex\url\url.sty
\Urlmuskip=\muskip10
Package: url 2013/09/16  ver 3.4  Verb mode for urls, etc.
)
LaTeX Info: Redefining \url on input line 4617.
\Fld@menulength=\count122
\Field@Width=\dimen165
\Fld@charsize=\dimen166
Package hyperref Info: Hyper figures OFF on input line 5701.
Package hyperref Info: Link nesting OFF on input line 5706.
Package hyperref Info: Hyper index ON on input line 5709.
Package hyperref Info: backreferencing OFF on input line 5716.
Package hyperref Info: Link coloring OFF on input line 5721.
Package hyperref Info: Link coloring with OCG OFF on input line 5726.
Package hyperref Info: PDF/A mode OFF on input line 5731.
LaTeX Info: Redefining \ref on input line 5771.
LaTeX Info: Redefining \pageref on input line 5775.
\Hy@abspage=\count123


Package hyperref Message: Stopped early.

)

Package hyperref Message: Driver (autodetected): hpdftex.

(C:\Apps\Miktex295\tex\latex\hyperref\hpdftex.def
File: hpdftex.def 2011/04/17 v6.82g Hyperref driver for pdfTeX
\Fld@listcount=\count124
\c@bookmark@seq@number=\count125

(C:\Apps\Miktex295\tex\latex\oberdiek\rerunfilecheck.sty
Package: rerunfilecheck 2011/04/15 v1.7 Rerun checks for auxiliary files (HO)
Package uniquecounter Info: New unique counter `rerunfilecheck' on input line 2
82.
))
(C:\Users\slacale\AppData\Roaming\MiKTeX\2.9\tex\latex\beamer\base\beamerbasere
quires.sty
Package: beamerbaserequires 2010/05/01  (rcs-revision efa082c6111d)

(C:\Users\slacale\AppData\Roaming\MiKTeX\2.9\tex\latex\beamer\base\beamerbaseco
mpatibility.sty
Package: beamerbasecompatibility 2012/05/01  (rcs-revision 67c48b3b652d)
)
(C:\Users\slacale\AppData\Roaming\MiKTeX\2.9\tex\latex\beamer\base\beamerbasefo
nt.sty
Package: beamerbasefont 2013/10/18  (rcs-revision 72f39e01808a)
 (C:\Apps\Miktex295\tex\latex\amsfonts\amssymb.sty
Package: amssymb 2009/06/22 v3.00

(C:\Apps\Miktex295\tex\latex\amsfonts\amsfonts.sty
Package: amsfonts 2009/06/22 v3.00 Basic AMSFonts support
\@emptytoks=\toks26
\symAMSa=\mathgroup4
\symAMSb=\mathgroup5
LaTeX Font Info:    Overwriting math alphabet `\mathfrak' in version `bold'
(Font)                  U/euf/m/n --> U/euf/b/n on input line 96.
))
(C:\Users\slacale\AppData\Roaming\MiKTeX\2.9\tex\latex\sansmathaccent\sansmatha
ccent.sty
Package: sansmathaccent 2013/03/28

(C:\Users\slacale\AppData\Roaming\MiKTeX\2.9\tex\latex\filehook\filehook.sty
Package: filehook 2011/10/12 v0.5d Hooks for input files
)))
(C:\Users\slacale\AppData\Roaming\MiKTeX\2.9\tex\latex\beamer\base\beamerbasetr
anslator.sty
Package: beamerbasetranslator 2010/06/11  (rcs-revision 85fd1cc7fc42)

(C:\Users\slacale\AppData\Roaming\MiKTeX\2.9\tex\latex\beamer\base\translator\t
ranslator.sty
Package: translator 2010/06/12 ver 1.10

(C:\Users\slacale\AppData\Roaming\MiKTeX\2.9\tex\latex\beamer\base\translator\t
ranslator-language-mappings.tex)))
(C:\Users\slacale\AppData\Roaming\MiKTeX\2.9\tex\latex\beamer\base\beamerbasemi
sc.sty
Package: beamerbasemisc 2013/09/03  (rcs-revision a55719c41d85)
)
(C:\Users\slacale\AppData\Roaming\MiKTeX\2.9\tex\latex\beamer\base\beamerbasetw
oscreens.sty
Package: beamerbasetwoscreens 2010/05/01  (rcs-revision efa082c6111d)
)
(C:\Users\slacale\AppData\Roaming\MiKTeX\2.9\tex\latex\beamer\base\beamerbaseov
erlay.sty
Package: beamerbaseoverlay 2013/12/25  (rcs-revision f6bd5e3805da)
\beamer@argscount=\count126
\beamer@lastskipcover=\skip44
\beamer@trivlistdepth=\count127
)
(C:\Users\slacale\AppData\Roaming\MiKTeX\2.9\tex\latex\beamer\base\beamerbaseti
tle.sty
Package: beamerbasetitle 2010/09/21  (rcs-revision f0446ed0b6ae)
)
(C:\Users\slacale\AppData\Roaming\MiKTeX\2.9\tex\latex\beamer\base\beamerbasese
ction.sty
Package: beamerbasesection 2013/06/07  (rcs-revision 60b9fe0f342f)
\c@lecture=\count128
\c@part=\count129
\c@section=\count130
\c@subsection=\count131
\c@subsubsection=\count132
)
(C:\Users\slacale\AppData\Roaming\MiKTeX\2.9\tex\latex\beamer\base\beamerbasefr
ame.sty
Package: beamerbaseframe 2013/10/02  (rcs-revision cdc8e9a3aaac)
\beamer@framebox=\box40
\beamer@frametitlebox=\box41
\beamer@zoombox=\box42
\beamer@zoomcount=\count133
\beamer@zoomframecount=\count134
\beamer@frametextheight=\dimen167
\c@subsectionslide=\count135
\beamer@frametopskip=\skip45
\beamer@framebottomskip=\skip46
\beamer@frametopskipautobreak=\skip47
\beamer@framebottomskipautobreak=\skip48
\beamer@envbody=\toks27
\framewidth=\dimen168
\c@framenumber=\count136
)
(C:\Users\slacale\AppData\Roaming\MiKTeX\2.9\tex\latex\beamer\base\beamerbaseve
rbatim.sty
Package: beamerbaseverbatim 2012/08/30  (rcs-revision dfdb135076b3)
\beamer@verbatimfileout=\write4
)
(C:\Users\slacale\AppData\Roaming\MiKTeX\2.9\tex\latex\beamer\base\beamerbasefr
amesize.sty
Package: beamerbaseframesize 2011/09/12  (rcs-revision 70f9d8411e54)
\beamer@splitbox=\box43
\beamer@autobreakcount=\count137
\beamer@autobreaklastheight=\dimen169
\beamer@frametitletoks=\toks28
\beamer@framesubtitletoks=\toks29
)
(C:\Users\slacale\AppData\Roaming\MiKTeX\2.9\tex\latex\beamer\base\beamerbasefr
amecomponents.sty
Package: beamerbaseframecomponents 2013/10/18  (rcs-revision 5cf6c5555a45)
\beamer@footins=\box44
)
(C:\Users\slacale\AppData\Roaming\MiKTeX\2.9\tex\latex\beamer\base\beamerbaseco
lor.sty
Package: beamerbasecolor 2010/06/06  (rcs-revision d1a9b48be06d)
)
(C:\Users\slacale\AppData\Roaming\MiKTeX\2.9\tex\latex\beamer\base\beamerbaseno
tes.sty
Package: beamerbasenotes 2012/12/19  (rcs-revision 1686da3db3c9)
\beamer@frameboxcopy=\box45
)
(C:\Users\slacale\AppData\Roaming\MiKTeX\2.9\tex\latex\beamer\base\beamerbaseto
c.sty
Package: beamerbasetoc 2013/05/23  (rcs-revision 0fdf5bc43be8)
)
(C:\Users\slacale\AppData\Roaming\MiKTeX\2.9\tex\latex\beamer\base\beamerbasete
mplates.sty
Package: beamerbasetemplates 2010/05/01  (rcs-revision efa082c6111d)
\beamer@sbttoks=\toks30

(C:\Users\slacale\AppData\Roaming\MiKTeX\2.9\tex\latex\beamer\base\beamerbaseau
xtemplates.sty
Package: beamerbaseauxtemplates 2013/09/04  (rcs-revision 4ac715c499d0)

(C:\Users\slacale\AppData\Roaming\MiKTeX\2.9\tex\latex\beamer\base\beamerbasebo
xes.sty
Package: beamerbaseboxes 2012/05/13  (rcs-revision 56972908a390)
\bmb@box=\box46
\bmb@colorbox=\box47
\bmb@boxshadow=\box48
\bmb@boxshadowball=\box49
\bmb@boxshadowballlarge=\box50
\bmb@temp=\dimen170
\bmb@dima=\dimen171
\bmb@dimb=\dimen172
\bmb@prevheight=\dimen173
)
\beamer@blockheadheight=\dimen174
))
(C:\Users\slacale\AppData\Roaming\MiKTeX\2.9\tex\latex\beamer\base\beamerbaselo
calstructure.sty
Package: beamerbaselocalstructure 2013/09/04  (rcs-revision 4ac715c499d0)
 (C:\Apps\Miktex295\tex\latex\tools\enumerate.sty
Package: enumerate 1999/03/05 v3.00 enumerate extensions (DPC)
\@enLab=\toks31
)
\c@figure=\count138
\c@table=\count139
\abovecaptionskip=\skip49
\belowcaptionskip=\skip50
)
(C:\Users\slacale\AppData\Roaming\MiKTeX\2.9\tex\latex\beamer\base\beamerbasena
vigation.sty
Package: beamerbasenavigation 2013/10/05  (rcs-revision 62be157fe783)
\beamer@section@min@dim=\dimen175
)
(C:\Users\slacale\AppData\Roaming\MiKTeX\2.9\tex\latex\beamer\base\beamerbaseth
eorems.sty
Package: beamerbasetheorems 2010/06/06  (rcs-revision 7e7cc5e53e9d)
 (C:\Apps\Miktex295\tex\latex\ams\math\amsmath.sty
Package: amsmath 2000/07/18 v2.13 AMS math features
\@mathmargin=\skip51

For additional information on amsmath, use the `?' option.
(C:\Apps\Miktex295\tex\latex\ams\math\amstext.sty
Package: amstext 2000/06/29 v2.01

(C:\Apps\Miktex295\tex\latex\ams\math\amsgen.sty
File: amsgen.sty 1999/11/30 v2.0
\@emptytoks=\toks32
\ex@=\dimen176
))
(C:\Apps\Miktex295\tex\latex\ams\math\amsbsy.sty
Package: amsbsy 1999/11/29 v1.2d
\pmbraise@=\dimen177
)
(C:\Apps\Miktex295\tex\latex\ams\math\amsopn.sty
Package: amsopn 1999/12/14 v2.01 operator names
)
\inf@bad=\count140
LaTeX Info: Redefining \frac on input line 211.
\uproot@=\count141
\leftroot@=\count142
LaTeX Info: Redefining \overline on input line 307.
\classnum@=\count143
\DOTSCASE@=\count144
LaTeX Info: Redefining \ldots on input line 379.
LaTeX Info: Redefining \dots on input line 382.
LaTeX Info: Redefining \cdots on input line 467.
\Mathstrutbox@=\box51
\strutbox@=\box52
\big@size=\dimen178
LaTeX Font Info:    Redeclaring font encoding OML on input line 567.
LaTeX Font Info:    Redeclaring font encoding OMS on input line 568.
\macc@depth=\count145
\c@MaxMatrixCols=\count146
\dotsspace@=\muskip11
\c@parentequation=\count147
\dspbrk@lvl=\count148
\tag@help=\toks33
\row@=\count149
\column@=\count150
\maxfields@=\count151
\andhelp@=\toks34
\eqnshift@=\dimen179
\alignsep@=\dimen180
\tagshift@=\dimen181
\tagwidth@=\dimen182
\totwidth@=\dimen183
\lineht@=\dimen184
\@envbody=\toks35
\multlinegap=\skip52
\multlinetaggap=\skip53
\mathdisplay@stack=\toks36
LaTeX Info: Redefining \[ on input line 2666.
LaTeX Info: Redefining \] on input line 2667.
)
(C:\Apps\Miktex295\tex\latex\ams\classes\amsthm.sty
Package: amsthm 2004/08/06 v2.20
\thm@style=\toks37
\thm@bodyfont=\toks38
\thm@headfont=\toks39
\thm@notefont=\toks40
\thm@headpunct=\toks41
\thm@preskip=\skip54
\thm@postskip=\skip55
\thm@headsep=\skip56
\dth@everypar=\toks42
)
\c@theorem=\count152
)
(C:\Users\slacale\AppData\Roaming\MiKTeX\2.9\tex\latex\beamer\base\beamerbaseth
emes.sty
Package: beamerbasethemes 2010/05/01  (rcs-revision efa082c6111d)
))
(C:\Users\slacale\AppData\Roaming\MiKTeX\2.9\tex\latex\beamer\base\themes\theme
\beamerthemedefault.sty
Package: beamerthemedefault 2010/06/17  (rcs-revision d02a7cf4d8ae)

(C:\Users\slacale\AppData\Roaming\MiKTeX\2.9\tex\latex\beamer\base\themes\font\
beamerfontthemedefault.sty
Package: beamerfontthemedefault 2012/12/19  (rcs-revision 1686da3db3c9)
)
(D:\slacalek\research\hfcs\effectsofmp\20171222\Presentation\beamercolorthemede
fault.sty
Package: beamercolorthemedefault 2007/01/28  (rcs-revision 1.28)
)
(C:\Users\slacale\AppData\Roaming\MiKTeX\2.9\tex\latex\beamer\base\themes\inner
\beamerinnerthemedefault.sty
Package: beamerinnerthemedefault 2013/10/15  (rcs-revision 65cb471f9634)
\beamer@dima=\dimen185
\beamer@dimb=\dimen186
)
(C:\Users\slacale\AppData\Roaming\MiKTeX\2.9\tex\latex\beamer\base\themes\outer
\beamerouterthemedefault.sty
Package: beamerouterthemedefault 2012/12/19  (rcs-revision 1686da3db3c9)
)))
(C:\Users\slacale\AppData\Roaming\MiKTeX\2.9\tex\latex\natbib\natbib.sty
Package: natbib 2010/09/13 8.31b (PWD, AO)
\bibhang=\skip57
\bibsep=\skip58
LaTeX Info: Redefining \cite on input line 694.
\c@NAT@ctr=\count153
)
(C:\Users\slacale\AppData\Roaming\MiKTeX\2.9\tex\latex\rotating\rotating.sty
Package: rotating 2009/03/28 v2.16a rotated objects in LaTeX

(C:\Apps\Miktex295\tex\latex\base\ifthen.sty
Package: ifthen 2001/05/26 v1.1c Standard LaTeX ifthen package (DPC)
)
\c@r@tfl@t=\count154
\rotFPtop=\skip59
\rotFPbot=\skip60
\rot@float@box=\box53
\rot@mess@toks=\toks43
)
(C:\Users\slacale\AppData\Roaming\MiKTeX\2.9\tex\latex\subfigure\subfigure.sty
Package: subfigure 2002/07/30 v2.1.4 subfigure package
\subfigtopskip=\skip61
\subfigcapskip=\skip62
\subfigcaptopadj=\dimen187
\subfigbottomskip=\skip63
\subfigcapmargin=\dimen188
\subfiglabelskip=\skip64
\c@subfigure=\count155
\c@lofdepth=\count156
\c@subtable=\count157
\c@lotdepth=\count158

****************************************
* Local config file subfigure.cfg used *
****************************************
(C:\Users\slacale\AppData\Roaming\MiKTeX\2.9\tex\latex\subfigure\subfigure.cfg)
\subfig@top=\skip65
\subfig@bottom=\skip66
) (C:\Users\slacale\AppData\Roaming\MiKTeX\2.9\tex\latex\colortbl\colortbl.sty
Package: colortbl 2012/02/13 v1.0a Color table columns (DPC)

(C:\Apps\Miktex295\tex\latex\tools\array.sty
Package: array 2008/09/09 v2.4c Tabular extension package (FMi)
\col@sep=\dimen189
\extrarowheight=\dimen190
\NC@list=\toks44
\extratabsurround=\skip67
\backup@length=\skip68
)
\everycr=\toks45
\minrowclearance=\skip69
)
(C:\Users\slacale\AppData\Roaming\MiKTeX\2.9\tex\latex\moreverb\moreverb.sty
Package: moreverb 2008/06/03 v2.3a `more' verbatim facilities

(C:\Apps\Miktex295\tex\latex\tools\verbatim.sty
Package: verbatim 2003/08/22 v1.5q LaTeX2e package for verbatim enhancements
\every@verbatim=\toks46
\verbatim@line=\toks47
\verbatim@in@stream=\read2
)
\tab@position=\count159
\tab@size=\count160
\listing@line=\count161
)
(D:\slacalek\research\hfcs\effectsofmp\20171222\Presentation\CDCShortcuts.sty)
(C:\Apps\Miktex295\tex\latex\jknappen\mathrsfs.sty
Package: mathrsfs 1996/01/01 Math RSFS package v1.0 (jk)
\symrsfs=\mathgroup6
)
(C:\Apps\Miktex295\tex\latex\eurosym\eurosym.sty
Package: eurosym 1998/08/06 v1.1 European currency symbol ``Euro''
\@eurobox=\box54
)
(C:\Users\slacale\AppData\Roaming\MiKTeX\2.9\tex\latex\beamer\base\themes\theme
\beamerthemeBoadilla.sty
Package: beamerthemeBoadilla 2010/06/17  (rcs-revision d02a7cf4d8ae)

(C:\Users\slacale\AppData\Roaming\MiKTeX\2.9\tex\latex\beamer\base\themes\color
\beamercolorthemerose.sty
Package: beamercolorthemerose 2010/06/17  (rcs-revision d02a7cf4d8ae)
)
(C:\Users\slacale\AppData\Roaming\MiKTeX\2.9\tex\latex\beamer\base\themes\inner
\beamerinnerthemerounded.sty
Package: beamerinnerthemerounded 2010/06/17  (rcs-revision d02a7cf4d8ae)
)
(C:\Users\slacale\AppData\Roaming\MiKTeX\2.9\tex\latex\beamer\base\themes\color
\beamercolorthemedolphin.sty
Package: beamercolorthemedolphin 2010/06/17  (rcs-revision d02a7cf4d8ae)
)
(C:\Users\slacale\AppData\Roaming\MiKTeX\2.9\tex\latex\beamer\base\themes\outer
\beamerouterthemeinfolines.sty
Package: beamerouterthemeinfolines 2012/10/16  (rcs-revision 51a8c72084af)
)) (C:\Apps\Miktex295\tex\generic\babel\babel.sty
Package: babel 2008/07/06 v3.8l The Babel package
*************************************
* Local config file bblopts.cfg used
*
(C:\Apps\Miktex295\tex\latex\00miktex\bblopts.cfg
File: bblopts.cfg 2006/07/31 v1.0 MiKTeX 'babel' configuration
)
(C:\Apps\Miktex295\tex\generic\babel\english.ldf
Language: english 2005/03/30 v3.3o English support from the babel system

(C:\Apps\Miktex295\tex\generic\babel\babel.def
File: babel.def 2008/07/06 v3.8l Babel common definitions
LaTeX Info: Redefining \textlatin on input line 82.
\babel@savecnt=\count162
\U@D=\dimen191
)
\l@canadian = a dialect from \language\l@american 
\l@australian = a dialect from \language\l@british 
\l@newzealand = a dialect from \language\l@british 
))
(C:\Apps\Miktex295\tex\latex\tools\dcolumn.sty
Package: dcolumn 2001/05/28 v1.06 decimal alignment package (DPC)
)
(C:\Users\slacale\AppData\Roaming\MiKTeX\2.9\tex\latex\booktabs\booktabs.sty
Package: booktabs 2005/04/14 v1.61803 publication quality tables
\heavyrulewidth=\dimen192
\lightrulewidth=\dimen193
\cmidrulewidth=\dimen194
\belowrulesep=\dimen195
\belowbottomsep=\dimen196
\aboverulesep=\dimen197
\abovetopsep=\dimen198
\cmidrulesep=\dimen199
\cmidrulekern=\dimen200
\defaultaddspace=\dimen201
\@cmidla=\count163
\@cmidlb=\count164
\@aboverulesep=\dimen202
\@belowrulesep=\dimen203
\@thisruleclass=\count165
\@lastruleclass=\count166
\@thisrulewidth=\dimen204
){C:/Users/slacale/AppData/Local/MiKTeX/2.9/pdftex/config/pdftex.map}{C:/Users/
slacale/AppData/Roaming/MiKTeX/2.9/fonts/map/dvips/sansmathaccent/sansmathaccen
t.map}
(D:\slacalek\research\hfcs\effectsofmp\20171222\Presentation\lsInequality-Slide
s.aux)
LaTeX Font Info:    Checking defaults for OML/cmm/m/it on input line 117.
LaTeX Font Info:    ... okay on input line 117.
LaTeX Font Info:    Checking defaults for T1/cmr/m/n on input line 117.
LaTeX Font Info:    ... okay on input line 117.
LaTeX Font Info:    Checking defaults for OT1/cmr/m/n on input line 117.
LaTeX Font Info:    ... okay on input line 117.
LaTeX Font Info:    Checking defaults for OMS/cmsy/m/n on input line 117.
LaTeX Font Info:    ... okay on input line 117.
LaTeX Font Info:    Checking defaults for OMX/cmex/m/n on input line 117.
LaTeX Font Info:    ... okay on input line 117.
LaTeX Font Info:    Checking defaults for U/cmr/m/n on input line 117.
LaTeX Font Info:    ... okay on input line 117.
LaTeX Font Info:    Checking defaults for PD1/pdf/m/n on input line 117.
LaTeX Font Info:    ... okay on input line 117.

*geometry* driver: auto-detecting
*geometry* detected driver: pdftex
*geometry* verbose mode - [ preamble ] result:
* driver: pdftex
* paper: custom
* layout: <same size as paper>
* layoutoffset:(h,v)=(0.0pt,0.0pt)
* modes: includehead includefoot 
* h-part:(L,W,R)=(10.95003pt, 342.2953pt, 10.95003pt)
* v-part:(T,H,B)=(0.0pt, 273.14662pt, 0.0pt)
* \paperwidth=364.19536pt
* \paperheight=273.14662pt
* \textwidth=342.2953pt
* \textheight=244.6939pt
* \oddsidemargin=-61.31996pt
* \evensidemargin=-61.31996pt
* \topmargin=-72.26999pt
* \headheight=14.22636pt
* \headsep=0.0pt
* \topskip=11.0pt
* \footskip=14.22636pt
* \marginparwidth=4.0pt
* \marginparsep=10.0pt
* \columnsep=10.0pt
* \skip\footins=10.0pt plus 4.0pt minus 2.0pt
* \hoffset=0.0pt
* \voffset=0.0pt
* \mag=1000
* \@twocolumnfalse
* \@twosidefalse
* \@mparswitchfalse
* \@reversemarginfalse
* (1in=72.27pt=25.4mm, 1cm=28.453pt)

(C:\Users\slacale\AppData\Roaming\MiKTeX\2.9\tex\context\base\supp-pdf.mkii
[Loading MPS to PDF converter (version 2006.09.02).]
\scratchcounter=\count167
\scratchdimen=\dimen205
\scratchbox=\box55
\nofMPsegments=\count168
\nofMParguments=\count169
\everyMPshowfont=\toks48
\MPscratchCnt=\count170
\MPscratchDim=\dimen206
\MPnumerator=\count171
\makeMPintoPDFobject=\count172
\everyMPtoPDFconversion=\toks49
) ABD: EveryShipout initializing macros
\AtBeginShipoutBox=\box56
Package hyperref Info: Link coloring OFF on input line 117.

(C:\Apps\Miktex295\tex\latex\hyperref\nameref.sty
Package: nameref 2010/04/30 v2.40 Cross-referencing by name of section

(C:\Apps\Miktex295\tex\generic\oberdiek\gettitlestring.sty
Package: gettitlestring 2010/12/03 v1.4 Cleanup title references (HO)
)
\c@section@level=\count173
)
LaTeX Info: Redefining \ref on input line 117.
LaTeX Info: Redefining \pageref on input line 117.
LaTeX Info: Redefining \nameref on input line 117.

(D:\slacalek\research\hfcs\effectsofmp\20171222\Presentation\lsInequality-Slide
s.out)
(D:\slacalek\research\hfcs\effectsofmp\20171222\Presentation\lsInequality-Slide
s.out)
\@outlinefile=\write5
LaTeX Font Info:    Overwriting symbol font `operators' in version `normal'
(Font)                  OT1/cmr/m/n --> OT1/cmss/m/n on input line 117.
LaTeX Font Info:    Overwriting symbol font `operators' in version `bold'
(Font)                  OT1/cmr/bx/n --> OT1/cmss/bx/n on input line 117.
\symnumbers=\mathgroup7
\sympureletters=\mathgroup8
LaTeX Font Info:    Overwriting math alphabet `\mathrm' in version `normal'
(Font)                  OT1/cmss/m/n --> OT1/cmr/m/n on input line 117.
LaTeX Font Info:    Redeclaring math alphabet \mathbf on input line 117.
LaTeX Font Info:    Overwriting math alphabet `\mathbf' in version `normal'
(Font)                  OT1/cmr/bx/n --> OT1/cmss/bx/n on input line 117.
LaTeX Font Info:    Overwriting math alphabet `\mathbf' in version `bold'
(Font)                  OT1/cmr/bx/n --> OT1/cmss/bx/n on input line 117.
LaTeX Font Info:    Redeclaring math alphabet \mathsf on input line 117.
LaTeX Font Info:    Overwriting math alphabet `\mathsf' in version `normal'
(Font)                  OT1/cmss/m/n --> OT1/cmss/m/n on input line 117.
LaTeX Font Info:    Overwriting math alphabet `\mathsf' in version `bold'
(Font)                  OT1/cmss/bx/n --> OT1/cmss/m/n on input line 117.
LaTeX Font Info:    Redeclaring math alphabet \mathit on input line 117.
LaTeX Font Info:    Overwriting math alphabet `\mathit' in version `normal'
(Font)                  OT1/cmr/m/it --> OT1/cmss/m/it on input line 117.
LaTeX Font Info:    Overwriting math alphabet `\mathit' in version `bold'
(Font)                  OT1/cmr/bx/it --> OT1/cmss/m/it on input line 117.
LaTeX Font Info:    Redeclaring math alphabet \mathtt on input line 117.
LaTeX Font Info:    Overwriting math alphabet `\mathtt' in version `normal'
(Font)                  OT1/cmtt/m/n --> OT1/cmtt/m/n on input line 117.
LaTeX Font Info:    Overwriting math alphabet `\mathtt' in version `bold'
(Font)                  OT1/cmtt/m/n --> OT1/cmtt/m/n on input line 117.
LaTeX Font Info:    Overwriting symbol font `numbers' in version `bold'
(Font)                  OT1/cmss/m/n --> OT1/cmss/bx/n on input line 117.
LaTeX Font Info:    Overwriting symbol font `pureletters' in version `bold'
(Font)                  OT1/cmss/m/it --> OT1/cmss/bx/it on input line 117.
LaTeX Font Info:    Overwriting math alphabet `\mathrm' in version `bold'
(Font)                  OT1/cmss/bx/n --> OT1/cmr/bx/n on input line 117.
LaTeX Font Info:    Overwriting math alphabet `\mathbf' in version `bold'
(Font)                  OT1/cmss/bx/n --> OT1/cmss/bx/n on input line 117.
LaTeX Font Info:    Overwriting math alphabet `\mathsf' in version `bold'
(Font)                  OT1/cmss/m/n --> OT1/cmss/bx/n on input line 117.
LaTeX Font Info:    Overwriting math alphabet `\mathit' in version `bold'
(Font)                  OT1/cmss/m/it --> OT1/cmss/bx/it on input line 117.
LaTeX Font Info:    Overwriting math alphabet `\mathtt' in version `bold'
(Font)                  OT1/cmtt/m/n --> OT1/cmtt/bx/n on input line 117.
LaTeX Font Info:    Redeclaring symbol font `pureletters' on input line 117.
LaTeX Font Info:    Overwriting symbol font `pureletters' in version `normal'
(Font)                  OT1/cmss/m/it --> OT1/mathkerncmss/m/sl on input line 1
17.
LaTeX Font Info:    Overwriting symbol font `pureletters' in version `bold'
(Font)                  OT1/cmss/bx/it --> OT1/mathkerncmss/m/sl on input line 
117.
LaTeX Font Info:    Overwriting symbol font `pureletters' in version `bold'
(Font)                  OT1/mathkerncmss/m/sl --> OT1/mathkerncmss/bx/sl on inp
ut line 117.

(C:\Users\slacale\AppData\Roaming\MiKTeX\2.9\tex\latex\beamer\base\translator\d
icts\translator-basic-dictionary\translator-basic-dictionary-English.dict
Dictionary: translator-basic-dictionary, Language: English 
)
(C:\Users\slacale\AppData\Roaming\MiKTeX\2.9\tex\latex\beamer\base\translator\d
icts\translator-bibliography-dictionary\translator-bibliography-dictionary-Engl
ish.dict
Dictionary: translator-bibliography-dictionary, Language: English 
)
(C:\Users\slacale\AppData\Roaming\MiKTeX\2.9\tex\latex\beamer\base\translator\d
icts\translator-environment-dictionary\translator-environment-dictionary-Englis
h.dict
Dictionary: translator-environment-dictionary, Language: English 
)
(C:\Users\slacale\AppData\Roaming\MiKTeX\2.9\tex\latex\beamer\base\translator\d
icts\translator-months-dictionary\translator-months-dictionary-English.dict
Dictionary: translator-months-dictionary, Language: English 
)
(C:\Users\slacale\AppData\Roaming\MiKTeX\2.9\tex\latex\beamer\base\translator\d
icts\translator-numbers-dictionary\translator-numbers-dictionary-English.dict
Dictionary: translator-numbers-dictionary, Language: English 
)
(C:\Users\slacale\AppData\Roaming\MiKTeX\2.9\tex\latex\beamer\base\translator\d
icts\translator-theorem-dictionary\translator-theorem-dictionary-English.dict
Dictionary: translator-theorem-dictionary, Language: English 
)
LaTeX Info: Redefining \includegraphics on input line 117.

(D:\slacalek\research\hfcs\effectsofmp\20171222\Presentation\lsInequality-Slide
s.nav)
LaTeX Font Info:    Try loading font information for U+msa on input line 117.
 (C:\Apps\Miktex295\tex\latex\amsfonts\umsa.fd
File: umsa.fd 2009/06/22 v3.00 AMS symbols A
)
LaTeX Font Info:    Try loading font information for U+msb on input line 117.

(C:\Apps\Miktex295\tex\latex\amsfonts\umsb.fd
File: umsb.fd 2009/06/22 v3.00 AMS symbols B
)
LaTeX Font Info:    Try loading font information for U+rsfs on input line 117.

(C:\Apps\Miktex295\tex\latex\jknappen\ursfs.fd
File: ursfs.fd 1998/03/24 rsfs font definition file (jk)
)
LaTeX Font Info:    Try loading font information for OT1+mathkerncmss on input 
line 117.

(C:\Users\slacale\AppData\Roaming\MiKTeX\2.9\tex\latex\sansmathaccent\ot1mathke
rncmss.fd
File: ot1mathkerncmss.fd 2013/03/27 Fontinst v1.933 font definitions for OT1/ma
thkerncmss.
)

LaTeX Font Warning: Font shape `OT1/cmss/m/n' in size <4> not available
(Font)              size <5> substituted on input line 121.

[1

] [2

] [3

] [4

] [5

] [6

] [7

] [8

]

pdfTeX warning: pdflatex.exe (file D:/slacalek/research/hfcs/effectsofmp/201712
22/Presentation/figures/irf_fin.pdf): PDF inclusion: found PDF version <1.6>, b
ut at most version <1.5> allowed
<./figures/irf_fin.pdf, id=279, 230.59189pt x 166.27881pt>
File: ./figures/irf_fin.pdf Graphic file (type pdf)

<use ./figures/irf_fin.pdf>
Package pdftex.def Info: ./figures/irf_fin.pdf used on input line 328.
(pdftex.def)             Requested size: 239.60567pt x 172.78632pt.
 [9

 <D:/slacalek/research/hfcs/effectsofmp/20171222/Presentation/figures/irf_fin.p
df>]

pdfTeX warning: pdflatex.exe (file D:/slacalek/research/hfcs/effectsofmp/201712
22/Presentation/figures/irf_UR.pdf): PDF inclusion: found PDF version <1.6>, bu
t at most version <1.5> allowed
<./figures/irf_UR.pdf, id=316, 230.59189pt x 166.27881pt>
File: ./figures/irf_UR.pdf Graphic file (type pdf)

<use ./figures/irf_UR.pdf>
Package pdftex.def Info: ./figures/irf_UR.pdf used on input line 346.
(pdftex.def)             Requested size: 171.14764pt x 123.41988pt.


pdfTeX warning: pdflatex.exe (file D:/slacalek/research/hfcs/effectsofmp/201712
22/Presentation/figures/irf_HP.pdf): PDF inclusion: found PDF version <1.6>, bu
t at most version <1.5> allowed
<./figures/irf_HP.pdf, id=317, 230.59189pt x 166.27881pt>
File: ./figures/irf_HP.pdf Graphic file (type pdf)

<use ./figures/irf_HP.pdf>
Package pdftex.def Info: ./figures/irf_HP.pdf used on input line 346.
(pdftex.def)             Requested size: 171.14764pt x 123.41988pt.
 [10

 <D:/slacalek/research/hfcs/effectsofmp/20171222/Presentation/figures/irf_UR.pd
f> <D:/slacalek/research/hfcs/effectsofmp/20171222/Presentation/figures/irf_HP.
pdf>]

pdfTeX warning: pdflatex.exe (file D:/slacalek/research/hfcs/effectsofmp/201712
22/Presentation/figures/wealthCompositionDetailed.pdf): PDF inclusion: found PD
F version <1.6>, but at most version <1.5> allowed
<./figures/wealthCompositionDetailed.pdf, id=365, 230.59189pt x 166.27881pt>
File: ./figures/wealthCompositionDetailed.pdf Graphic file (type pdf)

<use ./figures/wealthCompositionDetailed.pdf>
Package pdftex.def Info: ./figures/wealthCompositionDetailed.pdf used on input 
line 367.
(pdftex.def)             Requested size: 225.91615pt x 162.91403pt.

Overfull \vbox (17.011pt too high) detected at line 367
 []

[11

 <D:/slacalek/research/hfcs/effectsofmp/20171222/Presentation/figures/wealthCom
positionDetailed.pdf>]

pdfTeX warning: pdflatex.exe (file D:/slacalek/research/hfcs/effectsofmp/201712
22/Presentation/figures/incomeComposition_detailed.pdf): PDF inclusion: found P
DF version <1.6>, but at most version <1.5> allowed
<./figures/incomeComposition_detailed.pdf, id=405, 230.59189pt x 166.27881pt>
File: ./figures/incomeComposition_detailed.pdf Graphic file (type pdf)

<use ./figures/incomeComposition_detailed.pdf>
Package pdftex.def Info: ./figures/incomeComposition_detailed.pdf used on input
 line 392.
(pdftex.def)             Requested size: 188.26346pt x 135.76338pt.

Overfull \vbox (11.43768pt too high) detected at line 392
 []

[12

 <D:/slacalek/research/hfcs/effectsofmp/20171222/Presentation/figures/incomeCom
position_detailed.pdf>]
Overfull \vbox (2.9367pt too high) detected at line 422
 []

[13

]

pdfTeX warning: pdflatex.exe (file D:/slacalek/research/hfcs/effectsofmp/201712
22/Presentation/figures/UR_chart_DE.pdf): PDF inclusion: found PDF version <1.6
>, but at most version <1.5> allowed
<./figures/UR_chart_DE.pdf, id=482, 230.59189pt x 166.27881pt>
File: ./figures/UR_chart_DE.pdf Graphic file (type pdf)

<use ./figures/UR_chart_DE.pdf>
Package pdftex.def Info: ./figures/UR_chart_DE.pdf used on input line 438.
(pdftex.def)             Requested size: 136.91603pt x 98.73285pt.


pdfTeX warning: pdflatex.exe (file D:/slacalek/research/hfcs/effectsofmp/201712
22/Presentation/figures/UR_chart_ES.pdf): PDF inclusion: found PDF version <1.6
>, but at most version <1.5> allowed
<./figures/UR_chart_ES.pdf, id=483, 230.59189pt x 166.27881pt>
File: ./figures/UR_chart_ES.pdf Graphic file (type pdf)

<use ./figures/UR_chart_ES.pdf>
Package pdftex.def Info: ./figures/UR_chart_ES.pdf used on input line 438.
(pdftex.def)             Requested size: 136.91603pt x 98.73285pt.


pdfTeX warning: pdflatex.exe (file D:/slacalek/research/hfcs/effectsofmp/201712
22/Presentation/figures/UR_chart_FR.pdf): PDF inclusion: found PDF version <1.6
>, but at most version <1.5> allowed
<./figures/UR_chart_FR.pdf, id=484, 230.59189pt x 166.27881pt>
File: ./figures/UR_chart_FR.pdf Graphic file (type pdf)

<use ./figures/UR_chart_FR.pdf>
Package pdftex.def Info: ./figures/UR_chart_FR.pdf used on input line 438.
(pdftex.def)             Requested size: 136.91603pt x 98.73285pt.


pdfTeX warning: pdflatex.exe (file D:/slacalek/research/hfcs/effectsofmp/201712
22/Presentation/figures/UR_chart_IT.pdf): PDF inclusion: found PDF version <1.6
>, but at most version <1.5> allowed
<./figures/UR_chart_IT.pdf, id=485, 230.59189pt x 166.27881pt>
File: ./figures/UR_chart_IT.pdf Graphic file (type pdf)

<use ./figures/UR_chart_IT.pdf>
Package pdftex.def Info: ./figures/UR_chart_IT.pdf used on input line 438.
(pdftex.def)             Requested size: 136.91603pt x 98.73285pt.

Overfull \vbox (0.65498pt too high) detected at line 438
 []

[14

 <D:/slacalek/research/hfcs/effectsofmp/20171222/Presentation/figures/UR_chart_
DE.pdf> <D:/slacalek/research/hfcs/effectsofmp/20171222/Presentation/figures/UR
_chart_ES.pdf> <D:/slacalek/research/hfcs/effectsofmp/20171222/Presentation/fig
ures/UR_chart_FR.pdf> <D:/slacalek/research/hfcs/effectsofmp/20171222/Presentat
ion/figures/UR_chart_IT.pdf>]

pdfTeX warning: pdflatex.exe (file D:/slacalek/research/hfcs/effectsofmp/201712
22/Presentation/figures/URbyIncQuint.pdf): PDF inclusion: found PDF version <1.
6>, but at most version <1.5> allowed
<./figures/URbyIncQuint.pdf, id=555, 230.59189pt x 166.27881pt>
File: ./figures/URbyIncQuint.pdf Graphic file (type pdf)

<use ./figures/URbyIncQuint.pdf>
Package pdftex.def Info: ./figures/URbyIncQuint.pdf used on input line 450.
(pdftex.def)             Requested size: 273.83728pt x 197.48602pt.

Overfull \vbox (13.27531pt too high) detected at line 450
 []

[15

 <D:/slacalek/research/hfcs/effectsofmp/20171222/Presentation/figures/URbyIncQu
int.pdf>]

pdfTeX warning: pdflatex.exe (file D:/slacalek/research/hfcs/effectsofmp/201712
22/Presentation/figures/di2000_chart_DE.pdf): PDF inclusion: found PDF version 
<1.6>, but at most version <1.5> allowed
<./figures/di2000_chart_DE.pdf, id=593, 230.59189pt x 166.27881pt>
File: ./figures/di2000_chart_DE.pdf Graphic file (type pdf)

<use ./figures/di2000_chart_DE.pdf>
Package pdftex.def Info: ./figures/di2000_chart_DE.pdf used on input line 464.
(pdftex.def)             Requested size: 136.91603pt x 98.73285pt.


pdfTeX warning: pdflatex.exe (file D:/slacalek/research/hfcs/effectsofmp/201712
22/Presentation/figures/di2000_chart_ES.pdf): PDF inclusion: found PDF version 
<1.6>, but at most version <1.5> allowed
<./figures/di2000_chart_ES.pdf, id=594, 230.59189pt x 166.27881pt>
File: ./figures/di2000_chart_ES.pdf Graphic file (type pdf)

<use ./figures/di2000_chart_ES.pdf>
Package pdftex.def Info: ./figures/di2000_chart_ES.pdf used on input line 464.
(pdftex.def)             Requested size: 136.91603pt x 98.73285pt.


pdfTeX warning: pdflatex.exe (file D:/slacalek/research/hfcs/effectsofmp/201712
22/Presentation/figures/di2000_chart_FR.pdf): PDF inclusion: found PDF version 
<1.6>, but at most version <1.5> allowed
<./figures/di2000_chart_FR.pdf, id=595, 230.59189pt x 166.27881pt>
File: ./figures/di2000_chart_FR.pdf Graphic file (type pdf)

<use ./figures/di2000_chart_FR.pdf>
Package pdftex.def Info: ./figures/di2000_chart_FR.pdf used on input line 464.
(pdftex.def)             Requested size: 136.91603pt x 98.73285pt.


pdfTeX warning: pdflatex.exe (file D:/slacalek/research/hfcs/effectsofmp/201712
22/Presentation/figures/di2000_chart_IT.pdf): PDF inclusion: found PDF version 
<1.6>, but at most version <1.5> allowed
<./figures/di2000_chart_IT.pdf, id=596, 230.59189pt x 166.27881pt>
File: ./figures/di2000_chart_IT.pdf Graphic file (type pdf)

<use ./figures/di2000_chart_IT.pdf>
Package pdftex.def Info: ./figures/di2000_chart_IT.pdf used on input line 464.
(pdftex.def)             Requested size: 136.91603pt x 98.73285pt.

Overfull \vbox (0.65498pt too high) detected at line 464
 []

[16

 <D:/slacalek/research/hfcs/effectsofmp/20171222/Presentation/figures/di2000_ch
art_DE.pdf> <D:/slacalek/research/hfcs/effectsofmp/20171222/Presentation/figure
s/di2000_chart_ES.pdf> <D:/slacalek/research/hfcs/effectsofmp/20171222/Presenta
tion/figures/di2000_chart_FR.pdf> <D:/slacalek/research/hfcs/effectsofmp/201712
22/Presentation/figures/di2000_chart_IT.pdf>]

pdfTeX warning: pdflatex.exe (file D:/slacalek/research/hfcs/effectsofmp/201712
22/Presentation/figures/meanIncomeByIncQuint_EA_decomp_per4.pdf): PDF inclusion
: found PDF version <1.6>, but at most version <1.5> allowed

<./figures/meanIncomeByIncQuint_EA_decomp_per4.pdf, id=664, 230.59189pt x 166.2
7881pt>
File: ./figures/meanIncomeByIncQuint_EA_decomp_per4.pdf Graphic file (type pdf)

 <use ./figures/meanIncomeByIncQuint_EA_decomp_per4.pdf>
Package pdftex.def Info: ./figures/meanIncomeByIncQuint_EA_decomp_per4.pdf used
 on input line 477.
(pdftex.def)             Requested size: 239.60567pt x 172.78632pt.
 [17

 <D:/slacalek/research/hfcs/effectsofmp/20171222/Presentation/figures/meanIncom
eByIncQuint_EA_decomp_per4.pdf>]

pdfTeX warning: pdflatex.exe (file D:/slacalek/research/hfcs/effectsofmp/201712
22/Presentation/figures/medianNetWealthByWquint_EA.pdf): PDF inclusion: found P
DF version <1.6>, but at most version <1.5> allowed
<./figures/medianNetWealthByWquint_EA.pdf, id=703, 230.59189pt x 166.27881pt>
File: ./figures/medianNetWealthByWquint_EA.pdf Graphic file (type pdf)

<use ./figures/medianNetWealthByWquint_EA.pdf>
Package pdftex.def Info: ./figures/medianNetWealthByWquint_EA.pdf used on input
 line 490.
(pdftex.def)             Requested size: 205.37926pt x 148.10435pt.
 [18

 <D:/slacalek/research/hfcs/effectsofmp/20171222/Presentation/figures/medianNet
WealthByWquint_EA.pdf>]
[19

] [20

]

pdfTeX warning: pdflatex.exe (file D:/slacalek/research/hfcs/effectsofmp/201712
22/Presentation/figures/hankDecomp_DE_ES_crop.pdf): PDF inclusion: found PDF ve
rsion <1.6>, but at most version <1.5> allowed
<./figures/hankDecomp_DE_ES_crop.pdf, id=815, 229.46608pt x 151.36844pt>
File: ./figures/hankDecomp_DE_ES_crop.pdf Graphic file (type pdf)

<use ./figures/hankDecomp_DE_ES_crop.pdf>
Package pdftex.def Info: ./figures/hankDecomp_DE_ES_crop.pdf used on input line
 543.
(pdftex.def)             Requested size: 205.37926pt x 135.4866pt.

Overfull \vbox (5.26036pt too high) detected at line 543
 []

[21

 <D:/slacalek/research/hfcs/effectsofmp/20171222/Presentation/figures/hankDecom
p_DE_ES_crop.pdf>] [22

] [23

]

pdfTeX warning: pdflatex.exe (file D:/slacalek/research/hfcs/effectsofmp/201712
22/Presentation/figures/wealthSimulation.pdf): PDF inclusion: found PDF version
 <1.6>, but at most version <1.5> allowed
<./figures/wealthSimulation.pdf, id=912, 623.31668pt x 312.31984pt>
File: ./figures/wealthSimulation.pdf Graphic file (type pdf)

<use ./figures/wealthSimulation.pdf>
Package pdftex.def Info: ./figures/wealthSimulation.pdf used on input line 610.

(pdftex.def)             Requested size: 342.2953pt x 171.50955pt.
 [24

 <D:/slacalek/research/hfcs/effectsofmp/20171222/Presentation/figures/wealthSim
ulation.pdf, page is rotated 90 degrees>]

pdfTeX warning: pdflatex.exe (file D:/slacalek/research/hfcs/effectsofmp/201712
22/Presentation/figures/fLitRevAPPsize.pdf): PDF inclusion: found PDF version <
1.6>, but at most version <1.5> allowed
<./figures/fLitRevAPPsize.pdf, id=1204, 685.1628pt x 282.36693pt>
File: ./figures/fLitRevAPPsize.pdf Graphic file (type pdf)

<use ./figures/fLitRevAPPsize.pdf>
Package pdftex.def Info: ./figures/fLitRevAPPsize.pdf used on input line 621.
(pdftex.def)             Requested size: 342.2953pt x 141.06247pt.
 [25

 <D:/slacalek/research/hfcs/effectsofmp/20171222/Presentation/figures/fLitRevAP
Psize.pdf, page is rotated 90 degrees>]
File: ./figures/irf_fin.pdf Graphic file (type pdf)

<use ./figures/irf_fin.pdf>
Package pdftex.def Info: ./figures/irf_fin.pdf used on input line 635.
(pdftex.def)             Requested size: 154.03183pt x 111.07637pt.
File: ./figures/irf_HP.pdf Graphic file (type pdf)
 <use ./figures/irf_HP.pdf>
Package pdftex.def Info: ./figures/irf_HP.pdf used on input line 635.
(pdftex.def)             Requested size: 154.03183pt x 111.07637pt.
File: ./figures/irf_UR.pdf Graphic file (type pdf)

<use ./figures/irf_UR.pdf>
Package pdftex.def Info: ./figures/irf_UR.pdf used on input line 635.
(pdftex.def)             Requested size: 154.03183pt x 111.07637pt.


pdfTeX warning: pdflatex.exe (file D:/slacalek/research/hfcs/effectsofmp/201712
22/Presentation/figures/irf_W.pdf): PDF inclusion: found PDF version <1.6>, but
 at most version <1.5> allowed
<./figures/irf_W.pdf, id=1537, 230.59189pt x 166.27881pt>
File: ./figures/irf_W.pdf Graphic file (type pdf)

<use ./figures/irf_W.pdf>
Package pdftex.def Info: ./figures/irf_W.pdf used on input line 635.
(pdftex.def)             Requested size: 154.03183pt x 111.07637pt.

Overfull \vbox (9.61285pt too high) detected at line 635
 []

[26

 <D:/slacalek/research/hfcs/effectsofmp/20171222/Presentation/figures/irf_W.pdf
>]
<./figures/urChangeByIncQuint_EA.pdf, id=1575, 230.59189pt x 166.27881pt>
File: ./figures/urChangeByIncQuint_EA.pdf Graphic file (type pdf)

<use ./figures/urChangeByIncQuint_EA.pdf>
Package pdftex.def Info: ./figures/urChangeByIncQuint_EA.pdf used on input line
 658.
(pdftex.def)             Requested size: 273.83728pt x 197.48602pt.
 [27

 <D:/slacalek/research/hfcs/effectsofmp/20171222/Presentation/figures/urChangeB
yIncQuint_EA.pdf>]

pdfTeX warning: pdflatex.exe (file D:/slacalek/research/hfcs/effectsofmp/201712
22/Presentation/figures/wealthDecomp.pdf): PDF inclusion: found PDF version <1.
6>, but at most version <1.5> allowed
<./figures/wealthDecomp.pdf, id=1607, 230.59189pt x 166.27881pt>
File: ./figures/wealthDecomp.pdf Graphic file (type pdf)

<use ./figures/wealthDecomp.pdf>
Package pdftex.def Info: ./figures/wealthDecomp.pdf used on input line 672.
(pdftex.def)             Requested size: 239.60567pt x 172.78632pt.
 [28

 <D:/slacalek/research/hfcs/effectsofmp/20171222/Presentation/figures/wealthDec
omp.pdf>]

pdfTeX warning: pdflatex.exe (file D:/slacalek/research/hfcs/effectsofmp/201712
22/Presentation/figures/dn3001_chart_DE.pdf): PDF inclusion: found PDF version 
<1.6>, but at most version <1.5> allowed
<./figures/dn3001_chart_DE.pdf, id=1645, 230.59189pt x 166.27881pt>
File: ./figures/dn3001_chart_DE.pdf Graphic file (type pdf)

<use ./figures/dn3001_chart_DE.pdf>
Package pdftex.def Info: ./figures/dn3001_chart_DE.pdf used on input line 688.
(pdftex.def)             Requested size: 136.91603pt x 98.73285pt.


pdfTeX warning: pdflatex.exe (file D:/slacalek/research/hfcs/effectsofmp/201712
22/Presentation/figures/dn3001_chart_ES.pdf): PDF inclusion: found PDF version 
<1.6>, but at most version <1.5> allowed
<./figures/dn3001_chart_ES.pdf, id=1646, 230.59189pt x 166.27881pt>
File: ./figures/dn3001_chart_ES.pdf Graphic file (type pdf)

<use ./figures/dn3001_chart_ES.pdf>
Package pdftex.def Info: ./figures/dn3001_chart_ES.pdf used on input line 688.
(pdftex.def)             Requested size: 136.91603pt x 98.73285pt.


pdfTeX warning: pdflatex.exe (file D:/slacalek/research/hfcs/effectsofmp/201712
22/Presentation/figures/dn3001_chart_FR.pdf): PDF inclusion: found PDF version 
<1.6>, but at most version <1.5> allowed
<./figures/dn3001_chart_FR.pdf, id=1647, 230.59189pt x 166.27881pt>
File: ./figures/dn3001_chart_FR.pdf Graphic file (type pdf)

<use ./figures/dn3001_chart_FR.pdf>
Package pdftex.def Info: ./figures/dn3001_chart_FR.pdf used on input line 688.
(pdftex.def)             Requested size: 136.91603pt x 98.73285pt.


pdfTeX warning: pdflatex.exe (file D:/slacalek/research/hfcs/effectsofmp/201712
22/Presentation/figures/dn3001_chart_IT.pdf): PDF inclusion: found PDF version 
<1.6>, but at most version <1.5> allowed
<./figures/dn3001_chart_IT.pdf, id=1648, 230.59189pt x 166.27881pt>
File: ./figures/dn3001_chart_IT.pdf Graphic file (type pdf)

<use ./figures/dn3001_chart_IT.pdf>
Package pdftex.def Info: ./figures/dn3001_chart_IT.pdf used on input line 688.
(pdftex.def)             Requested size: 136.91603pt x 98.73285pt.

Overfull \vbox (9.58138pt too high) detected at line 688
 []

[29

 <D:/slacalek/research/hfcs/effectsofmp/20171222/Presentation/figures/dn3001_ch
art_DE.pdf> <D:/slacalek/research/hfcs/effectsofmp/20171222/Presentation/figure
s/dn3001_chart_ES.pdf> <D:/slacalek/research/hfcs/effectsofmp/20171222/Presenta
tion/figures/dn3001_chart_FR.pdf> <D:/slacalek/research/hfcs/effectsofmp/201712
22/Presentation/figures/dn3001_chart_IT.pdf>]
<./figures/fFof_ES.pdf, id=1716, 485.6839pt x 403.8307pt>
File: ./figures/fFof_ES.pdf Graphic file (type pdf)

<use ./figures/fFof_ES.pdf>
Package pdftex.def Info: ./figures/fFof_ES.pdf used on input line 702.
(pdftex.def)             Requested size: 239.60567pt x 199.22824pt.

Overfull \vbox (14.33531pt too high) detected at line 702
 []

[30

 <D:/slacalek/research/hfcs/effectsofmp/20171222/Presentation/figures/fFof_ES.p
df>] <./figures/fRegHP.pdf, id=1750, 501.982pt x 418.68018pt>
File: ./figures/fRegHP.pdf Graphic file (type pdf)

<use ./figures/fRegHP.pdf>
Package pdftex.def Info: ./figures/fRegHP.pdf used on input line 716.
(pdftex.def)             Requested size: 239.60567pt x 199.8462pt.

Overfull \vbox (5.80913pt too high) detected at line 716
 []

[31

 <D:/slacalek/research/hfcs/effectsofmp/20171222/Presentation/figures/fRegHP.pd
f>]
<./figures/fHP_irf_level_scatter.pdf, id=1784, 513.77646pt x 396.82953pt>
File: ./figures/fHP_irf_level_scatter.pdf Graphic file (type pdf)

<use ./figures/fHP_irf_level_scatter.pdf>
Package pdftex.def Info: ./figures/fHP_irf_level_scatter.pdf used on input line
 729.
(pdftex.def)             Requested size: 239.60567pt x 185.06877pt.
 [32

 <D:/slacalek/research/hfcs/effectsofmp/20171222/Presentation/figures/fHP_irf_l
evel_scatter.pdf>]
<./figures/fProfits.pdf, id=1816, 514.43352pt x 419.82448pt>
File: ./figures/fProfits.pdf Graphic file (type pdf)

<use ./figures/fProfits.pdf>
Package pdftex.def Info: ./figures/fProfits.pdf used on input line 741.
(pdftex.def)             Requested size: 239.60567pt x 195.54306pt.
 [33

 <D:/slacalek/research/hfcs/effectsofmp/20171222/Presentation/figures/fProfits.
pdf>]

pdfTeX warning: pdflatex.exe (file D:/slacalek/research/hfcs/effectsofmp/201712
22/Presentation/figures/UR_chart_DE_compare_uni.pdf): PDF inclusion: found PDF 
version <1.6>, but at most version <1.5> allowed
<./figures/UR_chart_DE_compare_uni.pdf, id=1851, 230.59189pt x 166.27881pt>
File: ./figures/UR_chart_DE_compare_uni.pdf Graphic file (type pdf)

<use ./figures/UR_chart_DE_compare_uni.pdf>
Package pdftex.def Info: ./figures/UR_chart_DE_compare_uni.pdf used on input li
ne 755.
(pdftex.def)             Requested size: 136.91603pt x 98.73285pt.


pdfTeX warning: pdflatex.exe (file D:/slacalek/research/hfcs/effectsofmp/201712
22/Presentation/figures/UR_chart_ES_compare_uni.pdf): PDF inclusion: found PDF 
version <1.6>, but at most version <1.5> allowed
<./figures/UR_chart_ES_compare_uni.pdf, id=1852, 230.59189pt x 166.27881pt>
File: ./figures/UR_chart_ES_compare_uni.pdf Graphic file (type pdf)

<use ./figures/UR_chart_ES_compare_uni.pdf>
Package pdftex.def Info: ./figures/UR_chart_ES_compare_uni.pdf used on input li
ne 755.
(pdftex.def)             Requested size: 136.91603pt x 98.73285pt.


pdfTeX warning: pdflatex.exe (file D:/slacalek/research/hfcs/effectsofmp/201712
22/Presentation/figures/UR_chart_FR_compare_uni.pdf): PDF inclusion: found PDF 
version <1.6>, but at most version <1.5> allowed
<./figures/UR_chart_FR_compare_uni.pdf, id=1853, 230.59189pt x 166.27881pt>
File: ./figures/UR_chart_FR_compare_uni.pdf Graphic file (type pdf)

<use ./figures/UR_chart_FR_compare_uni.pdf>
Package pdftex.def Info: ./figures/UR_chart_FR_compare_uni.pdf used on input li
ne 755.
(pdftex.def)             Requested size: 136.91603pt x 98.73285pt.


pdfTeX warning: pdflatex.exe (file D:/slacalek/research/hfcs/effectsofmp/201712
22/Presentation/figures/UR_chart_IT_compare_uni.pdf): PDF inclusion: found PDF 
version <1.6>, but at most version <1.5> allowed
<./figures/UR_chart_IT_compare_uni.pdf, id=1854, 230.59189pt x 166.27881pt>
File: ./figures/UR_chart_IT_compare_uni.pdf Graphic file (type pdf)

<use ./figures/UR_chart_IT_compare_uni.pdf>
Package pdftex.def Info: ./figures/UR_chart_IT_compare_uni.pdf used on input li
ne 755.
(pdftex.def)             Requested size: 136.91603pt x 98.73285pt.

Overfull \vbox (0.52582pt too high) detected at line 755
 []

[34

 <D:/slacalek/research/hfcs/effectsofmp/20171222/Presentation/figures/UR_chart_
DE_compare_uni.pdf> <D:/slacalek/research/hfcs/effectsofmp/20171222/Presentatio
n/figures/UR_chart_ES_compare_uni.pdf> <D:/slacalek/research/hfcs/effectsofmp/2
0171222/Presentation/figures/UR_chart_FR_compare_uni.pdf> <D:/slacalek/research
/hfcs/effectsofmp/20171222/Presentation/figures/UR_chart_IT_compare_uni.pdf>]

pdfTeX warning: pdflatex.exe (file D:/slacalek/research/hfcs/effectsofmp/201712
22/Presentation/figures/UR_chart_DE_compare_noXC.pdf): PDF inclusion: found PDF
 version <1.6>, but at most version <1.5> allowed
<./figures/UR_chart_DE_compare_noXC.pdf, id=1923, 230.59189pt x 166.27881pt>
File: ./figures/UR_chart_DE_compare_noXC.pdf Graphic file (type pdf)

<use ./figures/UR_chart_DE_compare_noXC.pdf>
Package pdftex.def Info: ./figures/UR_chart_DE_compare_noXC.pdf used on input l
ine 769.
(pdftex.def)             Requested size: 136.91603pt x 98.73285pt.


pdfTeX warning: pdflatex.exe (file D:/slacalek/research/hfcs/effectsofmp/201712
22/Presentation/figures/UR_chart_ES_compare_noXC.pdf): PDF inclusion: found PDF
 version <1.6>, but at most version <1.5> allowed
<./figures/UR_chart_ES_compare_noXC.pdf, id=1924, 230.59189pt x 166.27881pt>
File: ./figures/UR_chart_ES_compare_noXC.pdf Graphic file (type pdf)

<use ./figures/UR_chart_ES_compare_noXC.pdf>
Package pdftex.def Info: ./figures/UR_chart_ES_compare_noXC.pdf used on input l
ine 769.
(pdftex.def)             Requested size: 136.91603pt x 98.73285pt.


pdfTeX warning: pdflatex.exe (file D:/slacalek/research/hfcs/effectsofmp/201712
22/Presentation/figures/UR_chart_FR_compare_noXC.pdf): PDF inclusion: found PDF
 version <1.6>, but at most version <1.5> allowed
<./figures/UR_chart_FR_compare_noXC.pdf, id=1925, 230.59189pt x 166.27881pt>
File: ./figures/UR_chart_FR_compare_noXC.pdf Graphic file (type pdf)

<use ./figures/UR_chart_FR_compare_noXC.pdf>
Package pdftex.def Info: ./figures/UR_chart_FR_compare_noXC.pdf used on input l
ine 769.
(pdftex.def)             Requested size: 136.91603pt x 98.73285pt.


pdfTeX warning: pdflatex.exe (file D:/slacalek/research/hfcs/effectsofmp/201712
22/Presentation/figures/UR_chart_IT_compare_noXC.pdf): PDF inclusion: found PDF
 version <1.6>, but at most version <1.5> allowed
<./figures/UR_chart_IT_compare_noXC.pdf, id=1926, 230.59189pt x 166.27881pt>
File: ./figures/UR_chart_IT_compare_noXC.pdf Graphic file (type pdf)

<use ./figures/UR_chart_IT_compare_noXC.pdf>
Package pdftex.def Info: ./figures/UR_chart_IT_compare_noXC.pdf used on input l
ine 769.
(pdftex.def)             Requested size: 136.91603pt x 98.73285pt.

Overfull \vbox (0.52582pt too high) detected at line 769
 []

[35

 <D:/slacalek/research/hfcs/effectsofmp/20171222/Presentation/figures/UR_chart_
DE_compare_noXC.pdf> <D:/slacalek/research/hfcs/effectsofmp/20171222/Presentati
on/figures/UR_chart_ES_compare_noXC.pdf> <D:/slacalek/research/hfcs/effectsofmp
/20171222/Presentation/figures/UR_chart_FR_compare_noXC.pdf> <D:/slacalek/resea
rch/hfcs/effectsofmp/20171222/Presentation/figures/UR_chart_IT_compare_noXC.pdf
>]

pdfTeX warning: pdflatex.exe (file D:/slacalek/research/hfcs/effectsofmp/201712
22/Presentation/figures/meanIncomeByIncQuint_EA_decompFinInc_per4.pdf): PDF inc
lusion: found PDF version <1.6>, but at most version <1.5> allowed

<./figures/meanIncomeByIncQuint_EA_decompFinInc_per4.pdf, id=1995, 230.59189pt 
x 166.27881pt>
File: ./figures/meanIncomeByIncQuint_EA_decompFinInc_per4.pdf Graphic file (typ
e pdf)
 <use ./figures/meanIncomeByIncQuint_EA_decompFinInc_per4.pdf>
Package pdftex.def Info: ./figures/meanIncomeByIncQuint_EA_decompFinInc_per4.pd
f used on input line 781.
(pdftex.def)             Requested size: 239.60567pt x 172.78632pt.

[36

 <D:/slacalek/research/hfcs/effectsofmp/20171222/Presentation/figures/meanIncom
eByIncQuint_EA_decompFinInc_per4.pdf>]

pdfTeX warning: pdflatex.exe (file D:/slacalek/research/hfcs/effectsofmp/201712
22/Presentation/figures/medianNetWealthByWquint_EA_stockBoost_15.pdf): PDF incl
usion: found PDF version <1.6>, but at most version <1.5> allowed

<./figures/medianNetWealthByWquint_EA_stockBoost_15.pdf, id=2034, 230.59189pt x
 166.27881pt>
File: ./figures/medianNetWealthByWquint_EA_stockBoost_15.pdf Graphic file (type
 pdf)
 <use ./figures/medianNetWealthByWquint_EA_stockBoost_15.pdf>
Package pdftex.def Info: ./figures/medianNetWealthByWquint_EA_stockBoost_15.pdf
 used on input line 794.
(pdftex.def)             Requested size: 239.60567pt x 172.78632pt.

[37

 <D:/slacalek/research/hfcs/effectsofmp/20171222/Presentation/figures/medianNet
WealthByWquint_EA_stockBoost_15.pdf>]

pdfTeX warning: pdflatex.exe (file D:/slacalek/research/hfcs/effectsofmp/201712
22/Presentation/figures/NNP.pdf): PDF inclusion: found PDF version <1.6>, but a
t most version <1.5> allowed
<./figures/NNP.pdf, id=2073, 730.5894pt x 528.22504pt>
File: ./figures/NNP.pdf Graphic file (type pdf)
 <use ./figures/NNP.pdf>
Package pdftex.def Info: ./figures/NNP.pdf used on input line 806.
(pdftex.def)             Requested size: 273.83728pt x 197.98717pt.

[38

 <D:/slacalek/research/hfcs/effectsofmp/20171222/Presentation/figures/NNP.pdf>]
 <./figures/netIRexposure.png, id=2106, 690.58pt x 502.87875pt>
File: ./figures/netIRexposure.png Graphic file (type png)

<use ./figures/netIRexposure.png>
Package pdftex.def Info: ./figures/netIRexposure.png used on input line 824.
(pdftex.def)             Requested size: 205.37926pt x 149.55264pt.

Overfull \vbox (4.76276pt too high) detected at line 824
 []

[39

 <D:/slacalek/research/hfcs/effectsofmp/20171222/Presentation/figures/netIRexpo
sure.png>] [40

]
\tf@nav=\write6
\tf@toc=\write7
\tf@snm=\write8
Package atveryend Info: Empty hook `BeforeClearDocument' on input line 855.
Package atveryend Info: Empty hook `AfterLastShipout' on input line 855.

(D:\slacalek\research\hfcs\effectsofmp\20171222\Presentation\lsInequality-Slide
s.aux)
Package atveryend Info: Executing hook `AtVeryEndDocument' on input line 855.
Package atveryend Info: Executing hook `AtEndAfterFileList' on input line 855.
Package rerunfilecheck Info: File `lsInequality-Slides.out' has not changed.
(rerunfilecheck)             Checksum: 6E5CF63073BE1F10822BB52045517C70;366.


LaTeX Font Warning: Size substitutions with differences
(Font)              up to 1.0pt have occurred.

Package atveryend Info: Empty hook `AtVeryVeryEnd' on input line 855.
 ) 
Here is how much of TeX's memory you used:
 18647 strings out of 494053
 350024 string characters out of 3152628
 419638 words of memory out of 3000000
 21327 multiletter control sequences out of 15000+200000
 20994 words of font info for 80 fonts, out of 3000000 for 9000
 715 hyphenation exceptions out of 8191
 56i,21n,57p,454b,704s stack positions out of 5000i,500n,10000p,200000b,50000s
<C:/Apps/Miktex295/fonts/type1/public/amsfonts/cm/cmex10.pfb><C:/Apps/Miktex2
95/fonts/type1/public/amsfonts/cmextra/cmex9.pfb><C:/Apps/Miktex295/fonts/type1
/public/amsfonts/cm/cmmi10.pfb><C:/Apps/Miktex295/fonts/type1/public/amsfonts/c
m/cmmi7.pfb><C:/Apps/Miktex295/fonts/type1/public/amsfonts/cm/cmmi9.pfb><C:/App
s/Miktex295/fonts/type1/public/amsfonts/cm/cmss10.pfb><C:/Apps/Miktex295/fonts/
type1/public/amsfonts/cm/cmss8.pfb><C:/Apps/Miktex295/fonts/type1/public/amsfon
ts/cm/cmss9.pfb><C:/Apps/Miktex295/fonts/type1/public/amsfonts/cm/cmssbx10.pfb>
<C:/Apps/Miktex295/fonts/type1/public/amsfonts/cm/cmssi10.pfb><C:/Apps/Miktex29
5/fonts/type1/public/amsfonts/cm/cmssi8.pfb><C:/Apps/Miktex295/fonts/type1/publ
ic/amsfonts/cm/cmssi9.pfb><C:/Apps/Miktex295/fonts/type1/public/amsfonts/cm/cms
y10.pfb><C:/Apps/Miktex295/fonts/type1/public/amsfonts/cm/cmsy6.pfb><C:/Apps/Mi
ktex295/fonts/type1/public/amsfonts/cm/cmsy7.pfb><C:/Apps/Miktex295/fonts/type1
/public/amsfonts/cm/cmsy8.pfb><C:/Apps/Miktex295/fonts/type1/public/amsfonts/cm
/cmsy9.pfb><C:/Apps/Miktex295/fonts/type1/public/eurosym/feymr10.pfb><C:/Apps/M
iktex295/fonts/type1/public/amsfonts/symbols/msam7.pfb>
Output written on lsInequality-Slides.pdf (40 pages, 2828229 bytes).
PDF statistics:
 2245 PDF objects out of 2487 (max. 8388607)
 102 named destinations out of 1000 (max. 500000)
 353 words of extra memory for PDF output out of 10000 (max. 10000000)

