This is pdfTeX, Version 3.14159265-2.6-1.40.19 (MiKTeX 2.9.6700 64-bit) (preloaded format=pdflatex 2018.12.5)  29 MAY 2019 11:45
entering extended mode
**./lsInequality-Slides_bergamo.tex
(lsInequality-Slides_bergamo.tex
LaTeX2e <2018-04-01> patch level 4
Babel <3.20> and hyphenation patterns for 75 language(s) loaded.
(C:\Users\slacale\AppData\Roaming\MiKTeX\2.9\tex\latex\beamer\base\beamer.cls
(C:\Users\slacale\AppData\Roaming\MiKTeX\2.9\tex\latex\beamer\base\beamerbaserc
s.sty
Package: beamerbasercs 2013/12/25 (rcs-revision 31cc758a62ae)
)
Document Class: beamer 2013/12/02 3.33 A class for typesetting presentations (r
cs-revision 332bfd3ce558)

(C:\Users\slacale\AppData\Roaming\MiKTeX\2.9\tex\latex\beamer\base\beamerbasemo
des.sty
Package: beamerbasemodes 2013/09/03 (rcs-revision 768f2d98ca64)
\beamer@tempbox=\box26
\beamer@tempcount=\count80
\c@beamerpauses=\count81

(C:\Users\slacale\AppData\Roaming\MiKTeX\2.9\tex\latex\beamer\base\beamerbasede
code.sty
Package: beamerbasedecode 2010/05/01 (rcs-revision efa082c6111d)
\beamer@slideinframe=\count82
\beamer@minimum=\count83
)
\beamer@commentbox=\box27
\beamer@modecount=\count84
) (C:\APPS\MiKTeX2.9\tex\generic\oberdiek\ifpdf.sty
Package: ifpdf 2017/03/15 v3.2 Provides the ifpdf switch
)
\headheight=\dimen102
\headdp=\dimen103
\footheight=\dimen104
\sidebarheight=\dimen105
\beamer@tempdim=\dimen106
\beamer@finalheight=\dimen107
\beamer@animht=\dimen108
\beamer@animdp=\dimen109
\beamer@animwd=\dimen110
\beamer@leftmargin=\dimen111
\beamer@rightmargin=\dimen112
\beamer@leftsidebar=\dimen113
\beamer@rightsidebar=\dimen114
\beamer@boxsize=\dimen115
\beamer@vboxoffset=\dimen116
\beamer@descdefault=\dimen117
\beamer@descriptionwidth=\dimen118
\beamer@lastskip=\skip41
\beamer@areabox=\box28
\beamer@animcurrent=\box29
\beamer@animshowbox=\box30
\beamer@sectionbox=\box31
\beamer@logobox=\box32
\beamer@linebox=\box33
\beamer@sectioncount=\count85
\beamer@subsubsectionmax=\count86
\beamer@subsectionmax=\count87
\beamer@sectionmax=\count88
\beamer@totalheads=\count89
\beamer@headcounter=\count90
\beamer@partstartpage=\count91
\beamer@sectionstartpage=\count92
\beamer@subsectionstartpage=\count93
\beamer@animationtempa=\count94
\beamer@animationtempb=\count95
\beamer@xpos=\count96
\beamer@ypos=\count97
\beamer@showpartnumber=\count98
\beamer@currentsubsection=\count99
\beamer@coveringdepth=\count100
\beamer@sectionadjust=\count101
\beamer@tocsectionnumber=\count102

(C:\Users\slacale\AppData\Roaming\MiKTeX\2.9\tex\latex\beamer\base\beamerbaseop
tions.sty
Package: beamerbaseoptions 2013/03/10 (rcs-revision 47431932db0d)
 (C:\APPS\MiKTeX2.9\tex\latex\graphics\keyval.sty
Package: keyval 2014/10/28 v1.15 key=value parser (DPC)
\KV@toks@=\toks14
))
\beamer@paperwidth=\skip42
\beamer@paperheight=\skip43

(C:\APPS\MiKTeX2.9\tex\latex\geometry\geometry.sty
Package: geometry 2018/04/16 v5.8 Page Geometry

(C:\APPS\MiKTeX2.9\tex\generic\oberdiek\ifvtex.sty
Package: ifvtex 2016/05/16 v1.6 Detect VTeX and its facilities (HO)
Package ifvtex Info: VTeX not detected.
)
(C:\APPS\MiKTeX2.9\tex\generic\ifxetex\ifxetex.sty
Package: ifxetex 2010/09/12 v0.6 Provides ifxetex conditional
)
\Gm@cnth=\count103
\Gm@cntv=\count104
\c@Gm@tempcnt=\count105
\Gm@bindingoffset=\dimen119
\Gm@wd@mp=\dimen120
\Gm@odd@mp=\dimen121
\Gm@even@mp=\dimen122
\Gm@layoutwidth=\dimen123
\Gm@layoutheight=\dimen124
\Gm@layouthoffset=\dimen125
\Gm@layoutvoffset=\dimen126
\Gm@dimlist=\toks15

(C:\APPS\MiKTeX2.9\tex\latex\geometry\geometry.cfg))
(C:\APPS\MiKTeX2.9\tex\latex\base\size11.clo
File: size11.clo 2014/09/29 v1.4h Standard LaTeX file (size option)
)
(C:\Users\slacale\AppData\Roaming\MiKTeX\2.9\tex\latex\pgf\basiclayer\pgfcore.s
ty (C:\APPS\MiKTeX2.9\tex\latex\graphics\graphicx.sty
Package: graphicx 2017/06/01 v1.1a Enhanced LaTeX Graphics (DPC,SPQR)

(C:\APPS\MiKTeX2.9\tex\latex\graphics\graphics.sty
Package: graphics 2017/06/25 v1.2c Standard LaTeX Graphics (DPC,SPQR)

(C:\APPS\MiKTeX2.9\tex\latex\graphics\trig.sty
Package: trig 2016/01/03 v1.10 sin cos tan (DPC)
)
(C:\APPS\MiKTeX2.9\tex\latex\graphics-cfg\graphics.cfg
File: graphics.cfg 2016/06/04 v1.11 sample graphics configuration
)
Package graphics Info: Driver file: pdftex.def on input line 99.

(C:\APPS\MiKTeX2.9\tex\latex\graphics-def\pdftex.def
File: pdftex.def 2018/01/08 v1.0l Graphics/color driver for pdftex
))
\Gin@req@height=\dimen127
\Gin@req@width=\dimen128
)
(C:\Users\slacale\AppData\Roaming\MiKTeX\2.9\tex\latex\pgf\systemlayer\pgfsys.s
ty
(C:\Users\slacale\AppData\Roaming\MiKTeX\2.9\tex\latex\pgf\utilities\pgfrcs.sty

(C:\Users\slacale\AppData\Roaming\MiKTeX\2.9\tex\generic\pgf\utilities\pgfutil-
common.tex
\pgfutil@everybye=\toks16
\pgfutil@tempdima=\dimen129
\pgfutil@tempdimb=\dimen130

(C:\Users\slacale\AppData\Roaming\MiKTeX\2.9\tex\generic\pgf\utilities\pgfutil-
common-lists.tex))
(C:\Users\slacale\AppData\Roaming\MiKTeX\2.9\tex\generic\pgf\utilities\pgfutil-
latex.def
\pgfutil@abb=\box34

(C:\Users\slacale\AppData\Roaming\MiKTeX\2.9\tex\latex\ms\everyshi.sty
Package: everyshi 2001/05/15 v3.00 EveryShipout Package (MS)
))
(C:\Users\slacale\AppData\Roaming\MiKTeX\2.9\tex\generic\pgf\utilities\pgfrcs.c
ode.tex
Package: pgfrcs 2013/12/20 v3.0.0 (rcs-revision 1.28)
))
(C:\Users\slacale\AppData\Roaming\MiKTeX\2.9\tex\generic\pgf\systemlayer\pgfsys
.code.tex
Package: pgfsys 2013/11/30 v3.0.0 (rcs-revision 1.47)

(C:\Users\slacale\AppData\Roaming\MiKTeX\2.9\tex\generic\pgf\utilities\pgfkeys.
code.tex
\pgfkeys@pathtoks=\toks17
\pgfkeys@temptoks=\toks18

(C:\Users\slacale\AppData\Roaming\MiKTeX\2.9\tex\generic\pgf\utilities\pgfkeysf
iltered.code.tex
\pgfkeys@tmptoks=\toks19
))
\pgf@x=\dimen131
\pgf@y=\dimen132
\pgf@xa=\dimen133
\pgf@ya=\dimen134
\pgf@xb=\dimen135
\pgf@yb=\dimen136
\pgf@xc=\dimen137
\pgf@yc=\dimen138
\w@pgf@writea=\write3
\r@pgf@reada=\read1
\c@pgf@counta=\count106
\c@pgf@countb=\count107
\c@pgf@countc=\count108
\c@pgf@countd=\count109
\t@pgf@toka=\toks20
\t@pgf@tokb=\toks21
\t@pgf@tokc=\toks22

(C:\Users\slacale\AppData\Roaming\MiKTeX\2.9\tex\generic\pgf\systemlayer\pgf.cf
g
File: pgf.cfg 2008/05/14  (rcs-revision 1.7)
)
Driver file for pgf: pgfsys-pdftex.def

(C:\Users\slacale\AppData\Roaming\MiKTeX\2.9\tex\generic\pgf\systemlayer\pgfsys
-pdftex.def
File: pgfsys-pdftex.def 2013/07/18  (rcs-revision 1.33)

(C:\Users\slacale\AppData\Roaming\MiKTeX\2.9\tex\generic\pgf\systemlayer\pgfsys
-common-pdf.def
File: pgfsys-common-pdf.def 2013/10/10  (rcs-revision 1.13)
)))
(C:\Users\slacale\AppData\Roaming\MiKTeX\2.9\tex\generic\pgf\systemlayer\pgfsys
softpath.code.tex
File: pgfsyssoftpath.code.tex 2013/09/09  (rcs-revision 1.9)
\pgfsyssoftpath@smallbuffer@items=\count110
\pgfsyssoftpath@bigbuffer@items=\count111
)
(C:\Users\slacale\AppData\Roaming\MiKTeX\2.9\tex\generic\pgf\systemlayer\pgfsys
protocol.code.tex
File: pgfsysprotocol.code.tex 2006/10/16  (rcs-revision 1.4)
))
(C:\Users\slacale\AppData\Roaming\MiKTeX\2.9\tex\latex\xcolor\xcolor.sty
Package: xcolor 2007/01/21 v2.11 LaTeX color extensions (UK)

(C:\APPS\MiKTeX2.9\tex\latex\graphics-cfg\color.cfg
File: color.cfg 2016/01/02 v1.6 sample color configuration
)
Package xcolor Info: Driver file: pdftex.def on input line 225.
Package xcolor Info: Model `cmy' substituted by `cmy0' on input line 1337.
Package xcolor Info: Model `hsb' substituted by `rgb' on input line 1341.
Package xcolor Info: Model `RGB' extended on input line 1353.
Package xcolor Info: Model `HTML' substituted by `rgb' on input line 1355.
Package xcolor Info: Model `Hsb' substituted by `hsb' on input line 1356.
Package xcolor Info: Model `tHsb' substituted by `hsb' on input line 1357.
Package xcolor Info: Model `HSB' substituted by `hsb' on input line 1358.
Package xcolor Info: Model `Gray' substituted by `gray' on input line 1359.
Package xcolor Info: Model `wave' substituted by `hsb' on input line 1360.
)
(C:\Users\slacale\AppData\Roaming\MiKTeX\2.9\tex\generic\pgf\basiclayer\pgfcore
.code.tex
Package: pgfcore 2010/04/11 v3.0.0 (rcs-revision 1.7)

(C:\Users\slacale\AppData\Roaming\MiKTeX\2.9\tex\generic\pgf\math\pgfmath.code.
tex
(C:\Users\slacale\AppData\Roaming\MiKTeX\2.9\tex\generic\pgf\math\pgfmathcalc.c
ode.tex
(C:\Users\slacale\AppData\Roaming\MiKTeX\2.9\tex\generic\pgf\math\pgfmathutil.c
ode.tex)
(C:\Users\slacale\AppData\Roaming\MiKTeX\2.9\tex\generic\pgf\math\pgfmathparser
.code.tex
\pgfmath@dimen=\dimen139
\pgfmath@count=\count112
\pgfmath@box=\box35
\pgfmath@toks=\toks23
\pgfmath@stack@operand=\toks24
\pgfmath@stack@operation=\toks25
)
(C:\Users\slacale\AppData\Roaming\MiKTeX\2.9\tex\generic\pgf\math\pgfmathfuncti
ons.code.tex
(C:\Users\slacale\AppData\Roaming\MiKTeX\2.9\tex\generic\pgf\math\pgfmathfuncti
ons.basic.code.tex)
(C:\Users\slacale\AppData\Roaming\MiKTeX\2.9\tex\generic\pgf\math\pgfmathfuncti
ons.trigonometric.code.tex)
(C:\Users\slacale\AppData\Roaming\MiKTeX\2.9\tex\generic\pgf\math\pgfmathfuncti
ons.random.code.tex)
(C:\Users\slacale\AppData\Roaming\MiKTeX\2.9\tex\generic\pgf\math\pgfmathfuncti
ons.comparison.code.tex)
(C:\Users\slacale\AppData\Roaming\MiKTeX\2.9\tex\generic\pgf\math\pgfmathfuncti
ons.base.code.tex)
(C:\Users\slacale\AppData\Roaming\MiKTeX\2.9\tex\generic\pgf\math\pgfmathfuncti
ons.round.code.tex)
(C:\Users\slacale\AppData\Roaming\MiKTeX\2.9\tex\generic\pgf\math\pgfmathfuncti
ons.misc.code.tex)
(C:\Users\slacale\AppData\Roaming\MiKTeX\2.9\tex\generic\pgf\math\pgfmathfuncti
ons.integerarithmetics.code.tex)))
(C:\Users\slacale\AppData\Roaming\MiKTeX\2.9\tex\generic\pgf\math\pgfmathfloat.
code.tex
\c@pgfmathroundto@lastzeros=\count113
))
(C:\Users\slacale\AppData\Roaming\MiKTeX\2.9\tex\generic\pgf\basiclayer\pgfcore
points.code.tex
File: pgfcorepoints.code.tex 2013/10/07  (rcs-revision 1.27)
\pgf@picminx=\dimen140
\pgf@picmaxx=\dimen141
\pgf@picminy=\dimen142
\pgf@picmaxy=\dimen143
\pgf@pathminx=\dimen144
\pgf@pathmaxx=\dimen145
\pgf@pathminy=\dimen146
\pgf@pathmaxy=\dimen147
\pgf@xx=\dimen148
\pgf@xy=\dimen149
\pgf@yx=\dimen150
\pgf@yy=\dimen151
\pgf@zx=\dimen152
\pgf@zy=\dimen153
)
(C:\Users\slacale\AppData\Roaming\MiKTeX\2.9\tex\generic\pgf\basiclayer\pgfcore
pathconstruct.code.tex
File: pgfcorepathconstruct.code.tex 2013/10/07  (rcs-revision 1.29)
\pgf@path@lastx=\dimen154
\pgf@path@lasty=\dimen155
)
(C:\Users\slacale\AppData\Roaming\MiKTeX\2.9\tex\generic\pgf\basiclayer\pgfcore
pathusage.code.tex
File: pgfcorepathusage.code.tex 2013/12/13  (rcs-revision 1.23)
\pgf@shorten@end@additional=\dimen156
\pgf@shorten@start@additional=\dimen157
)
(C:\Users\slacale\AppData\Roaming\MiKTeX\2.9\tex\generic\pgf\basiclayer\pgfcore
scopes.code.tex
File: pgfcorescopes.code.tex 2013/10/09  (rcs-revision 1.44)
\pgfpic=\box36
\pgf@hbox=\box37
\pgf@layerbox@main=\box38
\pgf@picture@serial@count=\count114
)
(C:\Users\slacale\AppData\Roaming\MiKTeX\2.9\tex\generic\pgf\basiclayer\pgfcore
graphicstate.code.tex
File: pgfcoregraphicstate.code.tex 2013/09/19  (rcs-revision 1.11)
\pgflinewidth=\dimen158
)
(C:\Users\slacale\AppData\Roaming\MiKTeX\2.9\tex\generic\pgf\basiclayer\pgfcore
transformations.code.tex
File: pgfcoretransformations.code.tex 2013/10/10  (rcs-revision 1.17)
\pgf@pt@x=\dimen159
\pgf@pt@y=\dimen160
\pgf@pt@temp=\dimen161
)
(C:\Users\slacale\AppData\Roaming\MiKTeX\2.9\tex\generic\pgf\basiclayer\pgfcore
quick.code.tex
File: pgfcorequick.code.tex 2008/10/09  (rcs-revision 1.3)
)
(C:\Users\slacale\AppData\Roaming\MiKTeX\2.9\tex\generic\pgf\basiclayer\pgfcore
objects.code.tex
File: pgfcoreobjects.code.tex 2006/10/11  (rcs-revision 1.2)
)
(C:\Users\slacale\AppData\Roaming\MiKTeX\2.9\tex\generic\pgf\basiclayer\pgfcore
pathprocessing.code.tex
File: pgfcorepathprocessing.code.tex 2013/09/09  (rcs-revision 1.9)
)
(C:\Users\slacale\AppData\Roaming\MiKTeX\2.9\tex\generic\pgf\basiclayer\pgfcore
arrows.code.tex
File: pgfcorearrows.code.tex 2013/11/07  (rcs-revision 1.40)
\pgfarrowsep=\dimen162
)
(C:\Users\slacale\AppData\Roaming\MiKTeX\2.9\tex\generic\pgf\basiclayer\pgfcore
shade.code.tex
File: pgfcoreshade.code.tex 2013/07/15  (rcs-revision 1.15)
\pgf@max=\dimen163
\pgf@sys@shading@range@num=\count115
)
(C:\Users\slacale\AppData\Roaming\MiKTeX\2.9\tex\generic\pgf\basiclayer\pgfcore
image.code.tex
File: pgfcoreimage.code.tex 2013/07/15  (rcs-revision 1.18)

(C:\Users\slacale\AppData\Roaming\MiKTeX\2.9\tex\generic\pgf\basiclayer\pgfcore
external.code.tex
File: pgfcoreexternal.code.tex 2013/07/15  (rcs-revision 1.20)
\pgfexternal@startupbox=\box39
))
(C:\Users\slacale\AppData\Roaming\MiKTeX\2.9\tex\generic\pgf\basiclayer\pgfcore
layers.code.tex
File: pgfcorelayers.code.tex 2013/07/18  (rcs-revision 1.7)
)
(C:\Users\slacale\AppData\Roaming\MiKTeX\2.9\tex\generic\pgf\basiclayer\pgfcore
transparency.code.tex
File: pgfcoretransparency.code.tex 2013/09/30  (rcs-revision 1.5)
)
(C:\Users\slacale\AppData\Roaming\MiKTeX\2.9\tex\generic\pgf\basiclayer\pgfcore
patterns.code.tex
File: pgfcorepatterns.code.tex 2013/11/07  (rcs-revision 1.5)
)))
(C:\Users\slacale\AppData\Roaming\MiKTeX\2.9\tex\latex\pgf\utilities\xxcolor.st
y
Package: xxcolor 2003/10/24 ver 0.1
\XC@nummixins=\count116
\XC@countmixins=\count117
) (C:\APPS\MiKTeX2.9\tex\generic\oberdiek\atbegshi.sty
Package: atbegshi 2016/06/09 v1.18 At begin shipout hook (HO)

(C:\APPS\MiKTeX2.9\tex\generic\oberdiek\infwarerr.sty
Package: infwarerr 2016/05/16 v1.4 Providing info/warning/error messages (HO)
)
(C:\APPS\MiKTeX2.9\tex\generic\oberdiek\ltxcmds.sty
Package: ltxcmds 2016/05/16 v1.23 LaTeX kernel commands for general use (HO)
))
(C:\APPS\MiKTeX2.9\tex\latex\hyperref\hyperref.sty
Package: hyperref 2018/02/06 v6.86b Hypertext links for LaTeX

(C:\APPS\MiKTeX2.9\tex\generic\oberdiek\hobsub-hyperref.sty
Package: hobsub-hyperref 2016/05/16 v1.14 Bundle oberdiek, subset hyperref (HO)


(C:\APPS\MiKTeX2.9\tex\generic\oberdiek\hobsub-generic.sty
Package: hobsub-generic 2016/05/16 v1.14 Bundle oberdiek, subset generic (HO)
Package: hobsub 2016/05/16 v1.14 Construct package bundles (HO)
Package hobsub Info: Skipping package `infwarerr' (already loaded).
Package hobsub Info: Skipping package `ltxcmds' (already loaded).
Package: ifluatex 2016/05/16 v1.4 Provides the ifluatex switch (HO)
Package ifluatex Info: LuaTeX not detected.
Package hobsub Info: Skipping package `ifvtex' (already loaded).
Package: intcalc 2016/05/16 v1.2 Expandable calculations with integers (HO)
Package hobsub Info: Skipping package `ifpdf' (already loaded).
Package: etexcmds 2016/05/16 v1.6 Avoid name clashes with e-TeX commands (HO)
Package etexcmds Info: Could not find \expanded.
(etexcmds)             That can mean that you are not using pdfTeX 1.50 or
(etexcmds)             that some package has redefined \expanded.
(etexcmds)             In the latter case, load this package earlier.
Package: kvsetkeys 2016/05/16 v1.17 Key value parser (HO)
Package: kvdefinekeys 2016/05/16 v1.4 Define keys (HO)
Package: pdftexcmds 2018/01/30 v0.27 Utility functions of pdfTeX for LuaTeX (HO
)
Package pdftexcmds Info: LuaTeX not detected.
Package pdftexcmds Info: \pdf@primitive is available.
Package pdftexcmds Info: \pdf@ifprimitive is available.
Package pdftexcmds Info: \pdfdraftmode found.
Package: pdfescape 2016/05/16 v1.14 Implements pdfTeX's escape features (HO)
Package: bigintcalc 2016/05/16 v1.4 Expandable calculations on big integers (HO
)
Package: bitset 2016/05/16 v1.2 Handle bit-vector datatype (HO)
Package: uniquecounter 2016/05/16 v1.3 Provide unlimited unique counter (HO)
)
Package hobsub Info: Skipping package `hobsub' (already loaded).
Package: letltxmacro 2016/05/16 v1.5 Let assignment for LaTeX macros (HO)
Package: hopatch 2016/05/16 v1.3 Wrapper for package hooks (HO)
Package: xcolor-patch 2016/05/16 xcolor patch
Package: atveryend 2016/05/16 v1.9 Hooks at the very end of document (HO)
Package atveryend Info: \enddocument detected (standard20110627).
Package hobsub Info: Skipping package `atbegshi' (already loaded).
Package: refcount 2016/05/16 v3.5 Data extraction from label references (HO)
Package: hycolor 2016/05/16 v1.8 Color options for hyperref/bookmark (HO)
)
(C:\APPS\MiKTeX2.9\tex\latex\oberdiek\auxhook.sty
Package: auxhook 2016/05/16 v1.4 Hooks for auxiliary files (HO)
)
(C:\APPS\MiKTeX2.9\tex\latex\oberdiek\kvoptions.sty
Package: kvoptions 2016/05/16 v3.12 Key value format for package options (HO)
)
\@linkdim=\dimen164
\Hy@linkcounter=\count118
\Hy@pagecounter=\count119

(C:\APPS\MiKTeX2.9\tex\latex\hyperref\pd1enc.def
File: pd1enc.def 2018/02/06 v6.86b Hyperref: PDFDocEncoding definition (HO)
Now handling font encoding PD1 ...
... no UTF-8 mapping file for font encoding PD1
)
\Hy@SavedSpaceFactor=\count120

(C:\APPS\MiKTeX2.9\tex\latex\00miktex\hyperref.cfg
File: hyperref.cfg 2002/06/06 v1.2 hyperref configuration of TeXLive
)
Package hyperref Info: Option `bookmarks' set `true' on input line 4383.
Package hyperref Info: Option `bookmarksopen' set `true' on input line 4383.
Package hyperref Info: Option `implicit' set `false' on input line 4383.
Package hyperref Info: Hyper figures OFF on input line 4509.
Package hyperref Info: Link nesting OFF on input line 4514.
Package hyperref Info: Hyper index ON on input line 4517.
Package hyperref Info: Plain pages OFF on input line 4524.
Package hyperref Info: Backreferencing OFF on input line 4529.
Package hyperref Info: Implicit mode OFF; no redefinition of LaTeX internals.
Package hyperref Info: Bookmarks ON on input line 4762.
\c@Hy@tempcnt=\count121

(C:\Users\slacale\AppData\Roaming\MiKTeX\2.9\tex\latex\url\url.sty
\Urlmuskip=\muskip10
Package: url 2013/09/16  ver 3.4  Verb mode for urls, etc.
)
LaTeX Info: Redefining \url on input line 5115.
\XeTeXLinkMargin=\dimen165
\Fld@menulength=\count122
\Field@Width=\dimen166
\Fld@charsize=\dimen167
Package hyperref Info: Hyper figures OFF on input line 6369.
Package hyperref Info: Link nesting OFF on input line 6374.
Package hyperref Info: Hyper index ON on input line 6377.
Package hyperref Info: backreferencing OFF on input line 6384.
Package hyperref Info: Link coloring OFF on input line 6389.
Package hyperref Info: Link coloring with OCG OFF on input line 6394.
Package hyperref Info: PDF/A mode OFF on input line 6399.
LaTeX Info: Redefining \ref on input line 6439.
LaTeX Info: Redefining \pageref on input line 6443.
\Hy@abspage=\count123


Package hyperref Message: Stopped early.

)
Package hyperref Info: Driver (autodetected): hpdftex.
 (C:\APPS\MiKTeX2.9\tex\latex\hyperref\hpdftex.def
File: hpdftex.def 2018/02/06 v6.86b Hyperref driver for pdfTeX
\Fld@listcount=\count124
\c@bookmark@seq@number=\count125

(C:\APPS\MiKTeX2.9\tex\latex\oberdiek\rerunfilecheck.sty
Package: rerunfilecheck 2016/05/16 v1.8 Rerun checks for auxiliary files (HO)
Package uniquecounter Info: New unique counter `rerunfilecheck' on input line 2
82.
))
(C:\Users\slacale\AppData\Roaming\MiKTeX\2.9\tex\latex\beamer\base\beamerbasere
quires.sty
Package: beamerbaserequires 2010/05/01  (rcs-revision efa082c6111d)

(C:\Users\slacale\AppData\Roaming\MiKTeX\2.9\tex\latex\beamer\base\beamerbaseco
mpatibility.sty
Package: beamerbasecompatibility 2012/05/01  (rcs-revision 67c48b3b652d)
)
(C:\Users\slacale\AppData\Roaming\MiKTeX\2.9\tex\latex\beamer\base\beamerbasefo
nt.sty
Package: beamerbasefont 2013/10/18  (rcs-revision 72f39e01808a)
 (C:\APPS\MiKTeX2.9\tex\latex\amsfonts\amssymb.sty
Package: amssymb 2013/01/14 v3.01 AMS font symbols

(C:\APPS\MiKTeX2.9\tex\latex\amsfonts\amsfonts.sty
Package: amsfonts 2013/01/14 v3.01 Basic AMSFonts support
\@emptytoks=\toks26
\symAMSa=\mathgroup4
\symAMSb=\mathgroup5
LaTeX Font Info:    Overwriting math alphabet `\mathfrak' in version `bold'
(Font)                  U/euf/m/n --> U/euf/b/n on input line 106.
))
(C:\Users\slacale\AppData\Roaming\MiKTeX\2.9\tex\latex\sansmathaccent\sansmatha
ccent.sty
Package: sansmathaccent 2013/03/28

(C:\Users\slacale\AppData\Roaming\MiKTeX\2.9\tex\latex\filehook\filehook.sty
Package: filehook 2011/10/12 v0.5d Hooks for input files
)))
(C:\Users\slacale\AppData\Roaming\MiKTeX\2.9\tex\latex\beamer\base\beamerbasetr
anslator.sty
Package: beamerbasetranslator 2010/06/11  (rcs-revision 85fd1cc7fc42)

(C:\Users\slacale\AppData\Roaming\MiKTeX\2.9\tex\latex\beamer\base\translator\t
ranslator.sty
Package: translator 2010/06/12 ver 1.10

(C:\Users\slacale\AppData\Roaming\MiKTeX\2.9\tex\latex\beamer\base\translator\t
ranslator-language-mappings.tex)))
(C:\Users\slacale\AppData\Roaming\MiKTeX\2.9\tex\latex\beamer\base\beamerbasemi
sc.sty
Package: beamerbasemisc 2013/09/03  (rcs-revision a55719c41d85)
)
(C:\Users\slacale\AppData\Roaming\MiKTeX\2.9\tex\latex\beamer\base\beamerbasetw
oscreens.sty
Package: beamerbasetwoscreens 2010/05/01  (rcs-revision efa082c6111d)
)
(C:\Users\slacale\AppData\Roaming\MiKTeX\2.9\tex\latex\beamer\base\beamerbaseov
erlay.sty
Package: beamerbaseoverlay 2013/12/25  (rcs-revision f6bd5e3805da)
\beamer@argscount=\count126
\beamer@lastskipcover=\skip44
\beamer@trivlistdepth=\count127
)
(C:\Users\slacale\AppData\Roaming\MiKTeX\2.9\tex\latex\beamer\base\beamerbaseti
tle.sty
Package: beamerbasetitle 2010/09/21  (rcs-revision f0446ed0b6ae)
)
(C:\Users\slacale\AppData\Roaming\MiKTeX\2.9\tex\latex\beamer\base\beamerbasese
ction.sty
Package: beamerbasesection 2013/06/07  (rcs-revision 60b9fe0f342f)
\c@lecture=\count128
\c@part=\count129
\c@section=\count130
\c@subsection=\count131
\c@subsubsection=\count132
)
(C:\Users\slacale\AppData\Roaming\MiKTeX\2.9\tex\latex\beamer\base\beamerbasefr
ame.sty
Package: beamerbaseframe 2013/10/02  (rcs-revision cdc8e9a3aaac)
\beamer@framebox=\box40
\beamer@frametitlebox=\box41
\beamer@zoombox=\box42
\beamer@zoomcount=\count133
\beamer@zoomframecount=\count134
\beamer@frametextheight=\dimen168
\c@subsectionslide=\count135
\beamer@frametopskip=\skip45
\beamer@framebottomskip=\skip46
\beamer@frametopskipautobreak=\skip47
\beamer@framebottomskipautobreak=\skip48
\beamer@envbody=\toks27
\framewidth=\dimen169
\c@framenumber=\count136
)
(C:\Users\slacale\AppData\Roaming\MiKTeX\2.9\tex\latex\beamer\base\beamerbaseve
rbatim.sty
Package: beamerbaseverbatim 2012/08/30  (rcs-revision dfdb135076b3)
\beamer@verbatimfileout=\write4
)
(C:\Users\slacale\AppData\Roaming\MiKTeX\2.9\tex\latex\beamer\base\beamerbasefr
amesize.sty
Package: beamerbaseframesize 2011/09/12  (rcs-revision 70f9d8411e54)
\beamer@splitbox=\box43
\beamer@autobreakcount=\count137
\beamer@autobreaklastheight=\dimen170
\beamer@frametitletoks=\toks28
\beamer@framesubtitletoks=\toks29
)
(C:\Users\slacale\AppData\Roaming\MiKTeX\2.9\tex\latex\beamer\base\beamerbasefr
amecomponents.sty
Package: beamerbaseframecomponents 2013/10/18  (rcs-revision 5cf6c5555a45)
\beamer@footins=\box44
)
(C:\Users\slacale\AppData\Roaming\MiKTeX\2.9\tex\latex\beamer\base\beamerbaseco
lor.sty
Package: beamerbasecolor 2010/06/06  (rcs-revision d1a9b48be06d)
)
(C:\Users\slacale\AppData\Roaming\MiKTeX\2.9\tex\latex\beamer\base\beamerbaseno
tes.sty
Package: beamerbasenotes 2012/12/19  (rcs-revision 1686da3db3c9)
\beamer@frameboxcopy=\box45
)
(C:\Users\slacale\AppData\Roaming\MiKTeX\2.9\tex\latex\beamer\base\beamerbaseto
c.sty
Package: beamerbasetoc 2013/05/23  (rcs-revision 0fdf5bc43be8)
)
(C:\Users\slacale\AppData\Roaming\MiKTeX\2.9\tex\latex\beamer\base\beamerbasete
mplates.sty
Package: beamerbasetemplates 2010/05/01  (rcs-revision efa082c6111d)
\beamer@sbttoks=\toks30

(C:\Users\slacale\AppData\Roaming\MiKTeX\2.9\tex\latex\beamer\base\beamerbaseau
xtemplates.sty
Package: beamerbaseauxtemplates 2013/09/04  (rcs-revision 4ac715c499d0)

(C:\Users\slacale\AppData\Roaming\MiKTeX\2.9\tex\latex\beamer\base\beamerbasebo
xes.sty
Package: beamerbaseboxes 2012/05/13  (rcs-revision 56972908a390)
\bmb@box=\box46
\bmb@colorbox=\box47
\bmb@boxshadow=\box48
\bmb@boxshadowball=\box49
\bmb@boxshadowballlarge=\box50
\bmb@temp=\dimen171
\bmb@dima=\dimen172
\bmb@dimb=\dimen173
\bmb@prevheight=\dimen174
)
\beamer@blockheadheight=\dimen175
))
(C:\Users\slacale\AppData\Roaming\MiKTeX\2.9\tex\latex\beamer\base\beamerbaselo
calstructure.sty
Package: beamerbaselocalstructure 2013/09/04  (rcs-revision 4ac715c499d0)
 (C:\APPS\MiKTeX2.9\tex\latex\tools\enumerate.sty
Package: enumerate 2015/07/23 v3.00 enumerate extensions (DPC)
\@enLab=\toks31
)
\c@figure=\count138
\c@table=\count139
\abovecaptionskip=\skip49
\belowcaptionskip=\skip50
)
(C:\Users\slacale\AppData\Roaming\MiKTeX\2.9\tex\latex\beamer\base\beamerbasena
vigation.sty
Package: beamerbasenavigation 2013/10/05  (rcs-revision 62be157fe783)
\beamer@section@min@dim=\dimen176
)
(C:\Users\slacale\AppData\Roaming\MiKTeX\2.9\tex\latex\beamer\base\beamerbaseth
eorems.sty
Package: beamerbasetheorems 2010/06/06  (rcs-revision 7e7cc5e53e9d)
 (C:\APPS\MiKTeX2.9\tex\latex\amsmath\amsmath.sty
Package: amsmath 2017/09/02 v2.17a AMS math features
\@mathmargin=\skip51

For additional information on amsmath, use the `?' option.
(C:\APPS\MiKTeX2.9\tex\latex\amsmath\amstext.sty
Package: amstext 2000/06/29 v2.01 AMS text

(C:\APPS\MiKTeX2.9\tex\latex\amsmath\amsgen.sty
File: amsgen.sty 1999/11/30 v2.0 generic functions
\@emptytoks=\toks32
\ex@=\dimen177
))
(C:\APPS\MiKTeX2.9\tex\latex\amsmath\amsbsy.sty
Package: amsbsy 1999/11/29 v1.2d Bold Symbols
\pmbraise@=\dimen178
)
(C:\APPS\MiKTeX2.9\tex\latex\amsmath\amsopn.sty
Package: amsopn 2016/03/08 v2.02 operator names
)
\inf@bad=\count140
LaTeX Info: Redefining \frac on input line 213.
\uproot@=\count141
\leftroot@=\count142
LaTeX Info: Redefining \overline on input line 375.
\classnum@=\count143
\DOTSCASE@=\count144
LaTeX Info: Redefining \ldots on input line 472.
LaTeX Info: Redefining \dots on input line 475.
LaTeX Info: Redefining \cdots on input line 596.
\Mathstrutbox@=\box51
\strutbox@=\box52
\big@size=\dimen179
LaTeX Font Info:    Redeclaring font encoding OML on input line 712.
LaTeX Font Info:    Redeclaring font encoding OMS on input line 713.
\macc@depth=\count145
\c@MaxMatrixCols=\count146
\dotsspace@=\muskip11
\c@parentequation=\count147
\dspbrk@lvl=\count148
\tag@help=\toks33
\row@=\count149
\column@=\count150
\maxfields@=\count151
\andhelp@=\toks34
\eqnshift@=\dimen180
\alignsep@=\dimen181
\tagshift@=\dimen182
\tagwidth@=\dimen183
\totwidth@=\dimen184
\lineht@=\dimen185
\@envbody=\toks35
\multlinegap=\skip52
\multlinetaggap=\skip53
\mathdisplay@stack=\toks36
LaTeX Info: Redefining \[ on input line 2817.
LaTeX Info: Redefining \] on input line 2818.
)
(C:\APPS\MiKTeX2.9\tex\latex\amscls\amsthm.sty
Package: amsthm 2017/10/31 v2.20.4
\thm@style=\toks37
\thm@bodyfont=\toks38
\thm@headfont=\toks39
\thm@notefont=\toks40
\thm@headpunct=\toks41
\thm@preskip=\skip54
\thm@postskip=\skip55
\thm@headsep=\skip56
\dth@everypar=\toks42
)
\c@theorem=\count152
)
(C:\Users\slacale\AppData\Roaming\MiKTeX\2.9\tex\latex\beamer\base\beamerbaseth
emes.sty
Package: beamerbasethemes 2010/05/01  (rcs-revision efa082c6111d)
))
(C:\Users\slacale\AppData\Roaming\MiKTeX\2.9\tex\latex\beamer\base\themes\theme
\beamerthemedefault.sty
Package: beamerthemedefault 2010/06/17  (rcs-revision d02a7cf4d8ae)

(C:\Users\slacale\AppData\Roaming\MiKTeX\2.9\tex\latex\beamer\base\themes\font\
beamerfontthemedefault.sty
Package: beamerfontthemedefault 2012/12/19  (rcs-revision 1686da3db3c9)
) (beamercolorthemedefault.sty
Package: beamercolorthemedefault 2007/01/28  (rcs-revision 1.28)
)
(C:\Users\slacale\AppData\Roaming\MiKTeX\2.9\tex\latex\beamer\base\themes\inner
\beamerinnerthemedefault.sty
Package: beamerinnerthemedefault 2013/10/15  (rcs-revision 65cb471f9634)
\beamer@dima=\dimen186
\beamer@dimb=\dimen187
)
(C:\Users\slacale\AppData\Roaming\MiKTeX\2.9\tex\latex\beamer\base\themes\outer
\beamerouterthemedefault.sty
Package: beamerouterthemedefault 2012/12/19  (rcs-revision 1686da3db3c9)
)))
(C:\Users\slacale\AppData\Roaming\MiKTeX\2.9\tex\latex\natbib\natbib.sty
Package: natbib 2010/09/13 8.31b (PWD, AO)
\bibhang=\skip57
\bibsep=\skip58
LaTeX Info: Redefining \cite on input line 694.
\c@NAT@ctr=\count153
)
(C:\Users\slacale\AppData\Roaming\MiKTeX\2.9\tex\latex\rotating\rotating.sty
Package: rotating 2009/03/28 v2.16a rotated objects in LaTeX

(C:\APPS\MiKTeX2.9\tex\latex\base\ifthen.sty
Package: ifthen 2014/09/29 v1.1c Standard LaTeX ifthen package (DPC)
)
\c@r@tfl@t=\count154
\rotFPtop=\skip59
\rotFPbot=\skip60
\rot@float@box=\box53
\rot@mess@toks=\toks43
)
(C:\Users\slacale\AppData\Roaming\MiKTeX\2.9\tex\latex\subfigure\subfigure.sty
Package: subfigure 2002/07/30 v2.1.4 subfigure package
\subfigtopskip=\skip61
\subfigcapskip=\skip62
\subfigcaptopadj=\dimen188
\subfigbottomskip=\skip63
\subfigcapmargin=\dimen189
\subfiglabelskip=\skip64
\c@subfigure=\count155
\c@lofdepth=\count156
\c@subtable=\count157
\c@lotdepth=\count158

****************************************
* Local config file subfigure.cfg used *
****************************************
(C:\Users\slacale\AppData\Roaming\MiKTeX\2.9\tex\latex\subfigure\subfigure.cfg)
\subfig@top=\skip65
\subfig@bottom=\skip66
) (C:\Users\slacale\AppData\Roaming\MiKTeX\2.9\tex\latex\colortbl\colortbl.sty
Package: colortbl 2012/02/13 v1.0a Color table columns (DPC)

(C:\APPS\MiKTeX2.9\tex\latex\tools\array.sty
Package: array 2018/04/30 v2.4h Tabular extension package (FMi)
\col@sep=\dimen190
\ar@mcellbox=\box54
\extrarowheight=\dimen191
\NC@list=\toks44
\extratabsurround=\skip67
\backup@length=\skip68
\ar@cellbox=\box55
)
\everycr=\toks45
\minrowclearance=\skip69
)
(C:\Users\slacale\AppData\Roaming\MiKTeX\2.9\tex\latex\moreverb\moreverb.sty
Package: moreverb 2008/06/03 v2.3a `more' verbatim facilities

(C:\APPS\MiKTeX2.9\tex\latex\tools\verbatim.sty
Package: verbatim 2014/10/28 v1.5q LaTeX2e package for verbatim enhancements
\every@verbatim=\toks46
\verbatim@line=\toks47
\verbatim@in@stream=\read2
)
\tab@position=\count159
\tab@size=\count160
\listing@line=\count161
) (CDCShortcuts.sty)
(C:\APPS\MiKTeX2.9\tex\latex\jknappen\mathrsfs.sty
Package: mathrsfs 1996/01/01 Math RSFS package v1.0 (jk)
\symrsfs=\mathgroup6
)
(C:\APPS\MiKTeX2.9\tex\latex\eurosym\eurosym.sty
Package: eurosym 1998/08/06 v1.1 European currency symbol ``Euro''
\@eurobox=\box56
)
(C:\APPS\MiKTeX2.9\tex\generic\babel\babel.sty
Package: babel 2018/05/02 3.20 The Babel package

(C:\APPS\MiKTeX2.9\tex\generic\babel\switch.def
File: switch.def 2018/05/02 3.20 Babel switching mechanism
)
*************************************
* Local config file bblopts.cfg used
*
(C:\Users\slacale\AppData\Roaming\MiKTeX\2.9\tex\latex\arabi\bblopts.cfg
File: bblopts.cfg 2005/09/08 v0.1 add Arabic and Farsi to "declared" options of
 babel
)
(C:\APPS\MiKTeX2.9\tex\latex\babel-english\english.ldf
Language: english 2017/06/06 v3.3r English support from the babel system

(C:\APPS\MiKTeX2.9\tex\generic\babel\babel.def
File: babel.def 2018/05/02 3.20 Babel common definitions
\babel@savecnt=\count162
\U@D=\dimen192

(C:\APPS\MiKTeX2.9\tex\generic\babel\txtbabel.def)
LaTeX Info: Redefining \textlatin on input line 1906.
\bbl@dirlevel=\count163
)
\l@canadian = a dialect from \language\l@american 
\l@australian = a dialect from \language\l@british 
\l@newzealand = a dialect from \language\l@british 
))
(C:\APPS\MiKTeX2.9\tex\latex\tools\dcolumn.sty
Package: dcolumn 2014/10/28 v1.06 decimal alignment package (DPC)
)
(C:\Users\slacale\AppData\Roaming\MiKTeX\2.9\tex\latex\booktabs\booktabs.sty
Package: booktabs 2005/04/14 v1.61803 publication quality tables
\heavyrulewidth=\dimen193
\lightrulewidth=\dimen194
\cmidrulewidth=\dimen195
\belowrulesep=\dimen196
\belowbottomsep=\dimen197
\aboverulesep=\dimen198
\abovetopsep=\dimen199
\cmidrulesep=\dimen256
\cmidrulekern=\dimen257
\defaultaddspace=\dimen258
\@cmidla=\count164
\@cmidlb=\count165
\@aboverulesep=\dimen259
\@belowrulesep=\dimen260
\@thisruleclass=\count166
\@lastruleclass=\count167
\@thisrulewidth=\dimen261
){C:/Users/slacale/AppData/Local/MiKTeX/2.9/pdftex/config/pdftex.map}{C:/Users/
slacale/AppData/Roaming/MiKTeX/2.9/fonts/map/dvips/sansmathaccent/sansmathaccen
t.map

pdfTeX warning: pdflatex.exe (file C:/Users/slacale/AppData/Roaming/MiKTeX/2.9/
fonts/map/dvips/sansmathaccent/sansmathaccent.map): fontmap entry for `mathkern
cmssi8' already exists, duplicates ignored


pdfTeX warning: pdflatex.exe (file C:/Users/slacale/AppData/Roaming/MiKTeX/2.9/
fonts/map/dvips/sansmathaccent/sansmathaccent.map): fontmap entry for `mathkern
cmssi9' already exists, duplicates ignored


pdfTeX warning: pdflatex.exe (file C:/Users/slacale/AppData/Roaming/MiKTeX/2.9/
fonts/map/dvips/sansmathaccent/sansmathaccent.map): fontmap entry for `mathkern
cmssi10' already exists, duplicates ignored


pdfTeX warning: pdflatex.exe (file C:/Users/slacale/AppData/Roaming/MiKTeX/2.9/
fonts/map/dvips/sansmathaccent/sansmathaccent.map): fontmap entry for `mathkern
cmssi12' already exists, duplicates ignored


pdfTeX warning: pdflatex.exe (file C:/Users/slacale/AppData/Roaming/MiKTeX/2.9/
fonts/map/dvips/sansmathaccent/sansmathaccent.map): fontmap entry for `mathkern
cmssi17' already exists, duplicates ignored
} (lsInequality-Slides_bergamo.aux)
\openout1 = `lsInequality-Slides_bergamo.aux'.

LaTeX Font Info:    Checking defaults for OML/cmm/m/it on input line 123.
LaTeX Font Info:    ... okay on input line 123.
LaTeX Font Info:    Checking defaults for T1/cmr/m/n on input line 123.
LaTeX Font Info:    ... okay on input line 123.
LaTeX Font Info:    Checking defaults for OT1/cmr/m/n on input line 123.
LaTeX Font Info:    ... okay on input line 123.
LaTeX Font Info:    Checking defaults for OMS/cmsy/m/n on input line 123.
LaTeX Font Info:    ... okay on input line 123.
LaTeX Font Info:    Checking defaults for OMX/cmex/m/n on input line 123.
LaTeX Font Info:    ... okay on input line 123.
LaTeX Font Info:    Checking defaults for U/cmr/m/n on input line 123.
LaTeX Font Info:    ... okay on input line 123.
LaTeX Font Info:    Checking defaults for PD1/pdf/m/n on input line 123.
LaTeX Font Info:    ... okay on input line 123.

*geometry* driver: auto-detecting
*geometry* detected driver: pdftex
*geometry* verbose mode - [ preamble ] result:
* driver: pdftex
* paper: custom
* layout: <same size as paper>
* layoutoffset:(h,v)=(0.0pt,0.0pt)
* modes: includehead includefoot 
* h-part:(L,W,R)=(28.45274pt, 398.3386pt, 28.45274pt)
* v-part:(T,H,B)=(0.0pt, 256.0748pt, 0.0pt)
* \paperwidth=455.24408pt
* \paperheight=256.0748pt
* \textwidth=398.3386pt
* \textheight=227.62207pt
* \oddsidemargin=-43.81725pt
* \evensidemargin=-43.81725pt
* \topmargin=-72.26999pt
* \headheight=14.22636pt
* \headsep=0.0pt
* \topskip=11.0pt
* \footskip=14.22636pt
* \marginparwidth=4.0pt
* \marginparsep=10.0pt
* \columnsep=10.0pt
* \skip\footins=10.0pt plus 4.0pt minus 2.0pt
* \hoffset=0.0pt
* \voffset=0.0pt
* \mag=1000
* \@twocolumnfalse
* \@twosidefalse
* \@mparswitchfalse
* \@reversemarginfalse
* (1in=72.27pt=25.4mm, 1cm=28.453pt)

(C:\Users\slacale\AppData\Roaming\MiKTeX\2.9\tex\context\base\supp-pdf.mkii
[Loading MPS to PDF converter (version 2006.09.02).]
\scratchcounter=\count168
\scratchdimen=\dimen262
\scratchbox=\box57
\nofMPsegments=\count169
\nofMParguments=\count170
\everyMPshowfont=\toks48
\MPscratchCnt=\count171
\MPscratchDim=\dimen263
\MPnumerator=\count172
\makeMPintoPDFobject=\count173
\everyMPtoPDFconversion=\toks49
) (C:\APPS\MiKTeX2.9\tex\latex\oberdiek\epstopdf-base.sty
Package: epstopdf-base 2016/05/15 v2.6 Base part for package epstopdf

(C:\APPS\MiKTeX2.9\tex\latex\oberdiek\grfext.sty
Package: grfext 2016/05/16 v1.2 Manage graphics extensions (HO)
)
Package epstopdf-base Info: Redefining graphics rule for `.eps' on input line 4
38.
Package grfext Info: Graphics extension search list:
(grfext)             [.pdf,.png,.jpg,.mps,.jpeg,.jbig2,.jb2,.PDF,.PNG,.JPG,.JPE
G,.JBIG2,.JB2,.eps]
(grfext)             \AppendGraphicsExtensions on input line 456.
)
ABD: EveryShipout initializing macros
\AtBeginShipoutBox=\box58
Package hyperref Info: Link coloring OFF on input line 123.

(C:\APPS\MiKTeX2.9\tex\latex\hyperref\nameref.sty
Package: nameref 2016/05/21 v2.44 Cross-referencing by name of section

(C:\APPS\MiKTeX2.9\tex\generic\oberdiek\gettitlestring.sty
Package: gettitlestring 2016/05/16 v1.5 Cleanup title references (HO)
)
\c@section@level=\count174
)
LaTeX Info: Redefining \ref on input line 123.
LaTeX Info: Redefining \pageref on input line 123.
LaTeX Info: Redefining \nameref on input line 123.

(lsInequality-Slides_bergamo.out) (lsInequality-Slides_bergamo.out)
\@outlinefile=\write5
\openout5 = `lsInequality-Slides_bergamo.out'.

LaTeX Font Info:    Overwriting symbol font `operators' in version `normal'
(Font)                  OT1/cmr/m/n --> OT1/cmss/m/n on input line 123.
LaTeX Font Info:    Overwriting symbol font `operators' in version `bold'
(Font)                  OT1/cmr/bx/n --> OT1/cmss/bx/n on input line 123.
\symnumbers=\mathgroup7
\sympureletters=\mathgroup8
LaTeX Font Info:    Overwriting math alphabet `\mathrm' in version `normal'
(Font)                  OT1/cmss/m/n --> OT1/cmr/m/n on input line 123.
LaTeX Font Info:    Redeclaring math alphabet \mathbf on input line 123.
LaTeX Font Info:    Overwriting math alphabet `\mathbf' in version `normal'
(Font)                  OT1/cmr/bx/n --> OT1/cmss/bx/n on input line 123.
LaTeX Font Info:    Overwriting math alphabet `\mathbf' in version `bold'
(Font)                  OT1/cmr/bx/n --> OT1/cmss/bx/n on input line 123.
LaTeX Font Info:    Redeclaring math alphabet \mathsf on input line 123.
LaTeX Font Info:    Overwriting math alphabet `\mathsf' in version `normal'
(Font)                  OT1/cmss/m/n --> OT1/cmss/m/n on input line 123.
LaTeX Font Info:    Overwriting math alphabet `\mathsf' in version `bold'
(Font)                  OT1/cmss/bx/n --> OT1/cmss/m/n on input line 123.
LaTeX Font Info:    Redeclaring math alphabet \mathit on input line 123.
LaTeX Font Info:    Overwriting math alphabet `\mathit' in version `normal'
(Font)                  OT1/cmr/m/it --> OT1/cmss/m/it on input line 123.
LaTeX Font Info:    Overwriting math alphabet `\mathit' in version `bold'
(Font)                  OT1/cmr/bx/it --> OT1/cmss/m/it on input line 123.
LaTeX Font Info:    Redeclaring math alphabet \mathtt on input line 123.
LaTeX Font Info:    Overwriting math alphabet `\mathtt' in version `normal'
(Font)                  OT1/cmtt/m/n --> OT1/cmtt/m/n on input line 123.
LaTeX Font Info:    Overwriting math alphabet `\mathtt' in version `bold'
(Font)                  OT1/cmtt/m/n --> OT1/cmtt/m/n on input line 123.
LaTeX Font Info:    Overwriting symbol font `numbers' in version `bold'
(Font)                  OT1/cmss/m/n --> OT1/cmss/bx/n on input line 123.
LaTeX Font Info:    Overwriting symbol font `pureletters' in version `bold'
(Font)                  OT1/cmss/m/it --> OT1/cmss/bx/it on input line 123.
LaTeX Font Info:    Overwriting math alphabet `\mathrm' in version `bold'
(Font)                  OT1/cmss/bx/n --> OT1/cmr/bx/n on input line 123.
LaTeX Font Info:    Overwriting math alphabet `\mathbf' in version `bold'
(Font)                  OT1/cmss/bx/n --> OT1/cmss/bx/n on input line 123.
LaTeX Font Info:    Overwriting math alphabet `\mathsf' in version `bold'
(Font)                  OT1/cmss/m/n --> OT1/cmss/bx/n on input line 123.
LaTeX Font Info:    Overwriting math alphabet `\mathit' in version `bold'
(Font)                  OT1/cmss/m/it --> OT1/cmss/bx/it on input line 123.
LaTeX Font Info:    Overwriting math alphabet `\mathtt' in version `bold'
(Font)                  OT1/cmtt/m/n --> OT1/cmtt/bx/n on input line 123.
LaTeX Font Info:    Redeclaring symbol font `pureletters' on input line 123.
LaTeX Font Info:    Overwriting symbol font `pureletters' in version `normal'
(Font)                  OT1/cmss/m/it --> OT1/mathkerncmss/m/sl on input line 1
23.
LaTeX Font Info:    Overwriting symbol font `pureletters' in version `bold'
(Font)                  OT1/cmss/bx/it --> OT1/mathkerncmss/m/sl on input line 
123.
LaTeX Font Info:    Overwriting symbol font `pureletters' in version `bold'
(Font)                  OT1/mathkerncmss/m/sl --> OT1/mathkerncmss/bx/sl on inp
ut line 123.

(C:\Users\slacale\AppData\Roaming\MiKTeX\2.9\tex\latex\beamer\base\translator\d
icts\translator-basic-dictionary\translator-basic-dictionary-English.dict
Dictionary: translator-basic-dictionary, Language: English 
)
(C:\Users\slacale\AppData\Roaming\MiKTeX\2.9\tex\latex\beamer\base\translator\d
icts\translator-bibliography-dictionary\translator-bibliography-dictionary-Engl
ish.dict
Dictionary: translator-bibliography-dictionary, Language: English 
)
(C:\Users\slacale\AppData\Roaming\MiKTeX\2.9\tex\latex\beamer\base\translator\d
icts\translator-environment-dictionary\translator-environment-dictionary-Englis
h.dict
Dictionary: translator-environment-dictionary, Language: English 
)
(C:\Users\slacale\AppData\Roaming\MiKTeX\2.9\tex\latex\beamer\base\translator\d
icts\translator-months-dictionary\translator-months-dictionary-English.dict
Dictionary: translator-months-dictionary, Language: English 
)
(C:\Users\slacale\AppData\Roaming\MiKTeX\2.9\tex\latex\beamer\base\translator\d
icts\translator-numbers-dictionary\translator-numbers-dictionary-English.dict
Dictionary: translator-numbers-dictionary, Language: English 
)
(C:\Users\slacale\AppData\Roaming\MiKTeX\2.9\tex\latex\beamer\base\translator\d
icts\translator-theorem-dictionary\translator-theorem-dictionary-English.dict
Dictionary: translator-theorem-dictionary, Language: English 
)
LaTeX Info: Redefining \includegraphics on input line 123.

(lsInequality-Slides_bergamo.nav)

LaTeX Font Warning: Font shape `OT1/cmss/m/n' in size <4> not available
(Font)              size <5> substituted on input line 127.

[1

] [2

]
LaTeX Font Info:    Try loading font information for U+msa on input line 149.
 (C:\APPS\MiKTeX2.9\tex\latex\amsfonts\umsa.fd
File: umsa.fd 2013/01/14 v3.01 AMS symbols A
)
LaTeX Font Info:    Try loading font information for U+msb on input line 149.

(C:\APPS\MiKTeX2.9\tex\latex\amsfonts\umsb.fd
File: umsb.fd 2013/01/14 v3.01 AMS symbols B
)
LaTeX Font Info:    Try loading font information for U+rsfs on input line 149.

(C:\APPS\MiKTeX2.9\tex\latex\jknappen\ursfs.fd
File: ursfs.fd 1998/03/24 rsfs font definition file (jk)
)
LaTeX Font Info:    Try loading font information for OT1+mathkerncmss on input 
line 149.

(C:\Users\slacale\AppData\Roaming\MiKTeX\2.9\tex\latex\sansmathaccent\ot1mathke
rncmss.fd
File: ot1mathkerncmss.fd 2013/03/27 Fontinst v1.933 font definitions for OT1/ma
thkerncmss.
) [3

] [4

] [5

] [6

] [7

] [8

]

pdfTeX warning: pdflatex.exe (file ./figures/incomeComposition_detailed.pdf): P
DF inclusion: found PDF version <1.6>, but at most version <1.5> allowed
<./figures/incomeComposition_detailed.pdf, id=248, 230.59189pt x 166.27881pt>
File: ./figures/incomeComposition_detailed.pdf Graphic file (type pdf)
<use ./figures/incomeComposition_detailed.pdf>
Package pdftex.def Info: ./figures/incomeComposition_detailed.pdf  used on inpu
t line 227.
(pdftex.def)             Requested size: 262.90492pt x 189.60292pt.

Overfull \vbox (13.83847pt too high) detected at line 227
 []

[9

 <./figures/incomeComposition_detailed.pdf>]

pdfTeX warning: pdflatex.exe (file ./figures/wealthCompositionDetailed.pdf): PD
F inclusion: found PDF version <1.6>, but at most version <1.5> allowed
<./figures/wealthCompositionDetailed.pdf, id=284, 230.59189pt x 166.27881pt>
File: ./figures/wealthCompositionDetailed.pdf Graphic file (type pdf)
<use ./figures/wealthCompositionDetailed.pdf>
Package pdftex.def Info: ./figures/wealthCompositionDetailed.pdf  used on input
 line 244.
(pdftex.def)             Requested size: 262.90492pt x 189.60292pt.

Overfull \vbox (13.83847pt too high) detected at line 244
 []

[10

 <./figures/wealthCompositionDetailed.pdf>] [11

]

pdfTeX warning: pdflatex.exe (file ./figures/UR_chart_DE.pdf): PDF inclusion: f
ound PDF version <1.6>, but at most version <1.5> allowed
<./figures/UR_chart_DE.pdf, id=343, 230.59189pt x 166.27881pt>
File: ./figures/UR_chart_DE.pdf Graphic file (type pdf)
<use ./figures/UR_chart_DE.pdf>
Package pdftex.def Info: ./figures/UR_chart_DE.pdf  used on input line 280.
(pdftex.def)             Requested size: 159.333pt x 114.89993pt.


pdfTeX warning: pdflatex.exe (file ./figures/UR_chart_ES.pdf): PDF inclusion: f
ound PDF version <1.6>, but at most version <1.5> allowed
<./figures/UR_chart_ES.pdf, id=344, 230.59189pt x 166.27881pt>
File: ./figures/UR_chart_ES.pdf Graphic file (type pdf)
<use ./figures/UR_chart_ES.pdf>
Package pdftex.def Info: ./figures/UR_chart_ES.pdf  used on input line 280.
(pdftex.def)             Requested size: 159.333pt x 114.89993pt.


pdfTeX warning: pdflatex.exe (file ./figures/UR_chart_FR.pdf): PDF inclusion: f
ound PDF version <1.6>, but at most version <1.5> allowed
<./figures/UR_chart_FR.pdf, id=345, 230.59189pt x 166.27881pt>
File: ./figures/UR_chart_FR.pdf Graphic file (type pdf)
<use ./figures/UR_chart_FR.pdf>
Package pdftex.def Info: ./figures/UR_chart_FR.pdf  used on input line 280.
(pdftex.def)             Requested size: 159.333pt x 114.89993pt.


pdfTeX warning: pdflatex.exe (file ./figures/UR_chart_IT.pdf): PDF inclusion: f
ound PDF version <1.6>, but at most version <1.5> allowed
<./figures/UR_chart_IT.pdf, id=346, 230.59189pt x 166.27881pt>
File: ./figures/UR_chart_IT.pdf Graphic file (type pdf)
<use ./figures/UR_chart_IT.pdf>
Package pdftex.def Info: ./figures/UR_chart_IT.pdf  used on input line 280.
(pdftex.def)             Requested size: 159.333pt x 114.89993pt.

Overfull \vbox (14.59857pt too high) detected at line 280
 []

[12

 <./figures/UR_chart_DE.pdf> <./figures/UR_chart_ES.pdf> <./figures/UR_chart_FR
.pdf> <./figures/UR_chart_IT.pdf>]

pdfTeX warning: pdflatex.exe (file ./figures/URbyIncQuint.pdf): PDF inclusion: 
found PDF version <1.6>, but at most version <1.5> allowed
<./figures/URbyIncQuint.pdf, id=412, 230.59189pt x 166.27881pt>
File: ./figures/URbyIncQuint.pdf Graphic file (type pdf)
<use ./figures/URbyIncQuint.pdf>
Package pdftex.def Info: ./figures/URbyIncQuint.pdf  used on input line 291.
(pdftex.def)             Requested size: 278.83578pt x 201.09138pt.

Overfull \vbox (14.21927pt too high) detected at line 291
 []

[13

 <./figures/URbyIncQuint.pdf>]

pdfTeX warning: pdflatex.exe (file ./figures/di2000_chart_DE.pdf): PDF inclusio
n: found PDF version <1.6>, but at most version <1.5> allowed
<./figures/di2000_chart_DE.pdf, id=449, 230.59189pt x 166.27881pt>
File: ./figures/di2000_chart_DE.pdf Graphic file (type pdf)
<use ./figures/di2000_chart_DE.pdf>
Package pdftex.def Info: ./figures/di2000_chart_DE.pdf  used on input line 305.

(pdftex.def)             Requested size: 139.42093pt x 100.53935pt.


pdfTeX warning: pdflatex.exe (file ./figures/di2000_chart_ES.pdf): PDF inclusio
n: found PDF version <1.6>, but at most version <1.5> allowed
<./figures/di2000_chart_ES.pdf, id=450, 230.59189pt x 166.27881pt>
File: ./figures/di2000_chart_ES.pdf Graphic file (type pdf)
<use ./figures/di2000_chart_ES.pdf>
Package pdftex.def Info: ./figures/di2000_chart_ES.pdf  used on input line 305.

(pdftex.def)             Requested size: 139.42093pt x 100.53935pt.


pdfTeX warning: pdflatex.exe (file ./figures/di2000_chart_FR.pdf): PDF inclusio
n: found PDF version <1.6>, but at most version <1.5> allowed
<./figures/di2000_chart_FR.pdf, id=451, 230.59189pt x 166.27881pt>
File: ./figures/di2000_chart_FR.pdf Graphic file (type pdf)
<use ./figures/di2000_chart_FR.pdf>
Package pdftex.def Info: ./figures/di2000_chart_FR.pdf  used on input line 305.

(pdftex.def)             Requested size: 139.42093pt x 100.53935pt.


pdfTeX warning: pdflatex.exe (file ./figures/di2000_chart_IT.pdf): PDF inclusio
n: found PDF version <1.6>, but at most version <1.5> allowed
<./figures/di2000_chart_IT.pdf, id=452, 230.59189pt x 166.27881pt>
File: ./figures/di2000_chart_IT.pdf Graphic file (type pdf)
<use ./figures/di2000_chart_IT.pdf>
Package pdftex.def Info: ./figures/di2000_chart_IT.pdf  used on input line 305.

(pdftex.def)             Requested size: 139.42093pt x 100.53935pt.

Overfull \vbox (1.60658pt too high) detected at line 305
 []

[14

 <./figures/di2000_chart_DE.pdf> <./figures/di2000_chart_ES.pdf> <./figures/di2
000_chart_FR.pdf> <./figures/di2000_chart_IT.pdf>]

pdfTeX warning: pdflatex.exe (file ./figures/meanIncomeByIncQuint_EA_decomp_per
4.pdf): PDF inclusion: found PDF version <1.6>, but at most version <1.5> allow
ed
<./figures/meanIncomeByIncQuint_EA_decomp_per4.pdf, id=518, 230.59189pt x 166.2
7881pt>
File: ./figures/meanIncomeByIncQuint_EA_decomp_per4.pdf Graphic file (type pdf)

<use ./figures/meanIncomeByIncQuint_EA_decomp_per4.pdf>
Package pdftex.def Info: ./figures/meanIncomeByIncQuint_EA_decomp_per4.pdf  use
d on input line 318.
(pdftex.def)             Requested size: 278.83578pt x 201.09138pt.

Overfull \vbox (23.90372pt too high) detected at line 318
 []

[15

 <./figures/meanIncomeByIncQuint_EA_decomp_per4.pdf>]

pdfTeX warning: pdflatex.exe (file ./figures/medianNetWealthByWquint_EA.pdf): P
DF inclusion: found PDF version <1.6>, but at most version <1.5> allowed
<./figures/medianNetWealthByWquint_EA.pdf, id=554, 230.59189pt x 166.27881pt>
File: ./figures/medianNetWealthByWquint_EA.pdf Graphic file (type pdf)
<use ./figures/medianNetWealthByWquint_EA.pdf>
Package pdftex.def Info: ./figures/medianNetWealthByWquint_EA.pdf  used on inpu
t line 331.
(pdftex.def)             Requested size: 239.00558pt x 172.35498pt.

Overfull \vbox (21.62984pt too high) detected at line 331
 []

[16

 <./figures/medianNetWealthByWquint_EA.pdf>] [17

] [18

] [19

] [20

] [21

]
[22

]

pdfTeX warning: pdflatex.exe (file ./figures/cDecomp1.pdf): PDF inclusion: foun
d PDF version <1.6>, but at most version <1.5> allowed
<./figures/cDecomp1.pdf, id=747, 230.59189pt x 166.27881pt>
File: ./figures/cDecomp1.pdf Graphic file (type pdf)
<use ./figures/cDecomp1.pdf>
Package pdftex.def Info: ./figures/cDecomp1.pdf  used on input line 388.
(pdftex.def)             Requested size: 239.00558pt x 172.35498pt.

Overfull \vbox (20.46733pt too high) detected at line 388
 []

[23

 <./figures/cDecomp1.pdf>]

pdfTeX warning: pdflatex.exe (file ./figures/cDecomp2.pdf): PDF inclusion: foun
d PDF version <1.6>, but at most version <1.5> allowed
<./figures/cDecomp2.pdf, id=786, 230.59189pt x 166.27881pt>
File: ./figures/cDecomp2.pdf Graphic file (type pdf)
<use ./figures/cDecomp2.pdf>
Package pdftex.def Info: ./figures/cDecomp2.pdf  used on input line 405.
(pdftex.def)             Requested size: 239.00558pt x 172.35498pt.

Overfull \vbox (20.46733pt too high) detected at line 405
 []

[24

 <./figures/cDecomp2.pdf>]

pdfTeX warning: pdflatex.exe (file ./figures/cDecomp3.pdf): PDF inclusion: foun
d PDF version <1.6>, but at most version <1.5> allowed
<./figures/cDecomp3.pdf, id=822, 230.59189pt x 166.27881pt>
File: ./figures/cDecomp3.pdf Graphic file (type pdf)
<use ./figures/cDecomp3.pdf>
Package pdftex.def Info: ./figures/cDecomp3.pdf  used on input line 422.
(pdftex.def)             Requested size: 239.00558pt x 172.35498pt.

Overfull \vbox (20.46733pt too high) detected at line 422
 []

[25

 <./figures/cDecomp3.pdf>] [26

] [27

] [28

] [29

] [30

] [31

] [32

]

pdfTeX warning: pdflatex.exe (file ./figures/irf_fin.pdf): PDF inclusion: found
 PDF version <1.6>, but at most version <1.5> allowed
<./figures/irf_fin.pdf, id=1043, 230.59189pt x 166.27881pt>
File: ./figures/irf_fin.pdf Graphic file (type pdf)
<use ./figures/irf_fin.pdf>
Package pdftex.def Info: ./figures/irf_fin.pdf  used on input line 565.
(pdftex.def)             Requested size: 278.83578pt x 201.09138pt.

Overfull \vbox (19.82759pt too high) detected at line 565
 []

[33

 <./figures/irf_fin.pdf>]

pdfTeX warning: pdflatex.exe (file ./figures/irf_UR.pdf): PDF inclusion: found 
PDF version <1.6>, but at most version <1.5> allowed
<./figures/irf_UR.pdf, id=1079, 230.59189pt x 166.27881pt>
File: ./figures/irf_UR.pdf Graphic file (type pdf)
<use ./figures/irf_UR.pdf>
Package pdftex.def Info: ./figures/irf_UR.pdf  used on input line 583.
(pdftex.def)             Requested size: 199.1693pt x 143.62619pt.


pdfTeX warning: pdflatex.exe (file ./figures/irf_HP.pdf): PDF inclusion: found 
PDF version <1.6>, but at most version <1.5> allowed
<./figures/irf_HP.pdf, id=1080, 230.59189pt x 166.27881pt>
File: ./figures/irf_HP.pdf Graphic file (type pdf)
<use ./figures/irf_HP.pdf>
Package pdftex.def Info: ./figures/irf_HP.pdf  used on input line 583.
(pdftex.def)             Requested size: 199.1693pt x 143.62619pt.
[34

 <./figures/irf_UR.pdf> <./figures/irf_HP.pdf>]
Overfull \vbox (20.64867pt too high) detected at line 614
 []

[35

] [36

]

pdfTeX warning: pdflatex.exe (file ./figures/wealthSimulation.pdf): PDF inclusi
on: found PDF version <1.6>, but at most version <1.5> allowed
<./figures/wealthSimulation.pdf, id=1195, 623.31668pt x 312.31984pt>
File: ./figures/wealthSimulation.pdf Graphic file (type pdf)
<use ./figures/wealthSimulation.pdf>
Package pdftex.def Info: ./figures/wealthSimulation.pdf  used on input line 671
.
(pdftex.def)             Requested size: 398.3386pt x 199.58853pt.

Overfull \vbox (1.38724pt too high) detected at line 671
 []

[37

 <./figures/wealthSimulation.pdf, page is rotated 90 degrees>]

pdfTeX warning: pdflatex.exe (file ./figures/fLitRevAPPsize.pdf): PDF inclusion
: found PDF version <1.6>, but at most version <1.5> allowed
<./figures/fLitRevAPPsize.pdf, id=1487, 685.1628pt x 282.36693pt>
File: ./figures/fLitRevAPPsize.pdf Graphic file (type pdf)
<use ./figures/fLitRevAPPsize.pdf>
Package pdftex.def Info: ./figures/fLitRevAPPsize.pdf  used on input line 682.
(pdftex.def)             Requested size: 398.3386pt x 164.1607pt.
[38

 <./figures/fLitRevAPPsize.pdf, page is rotated 90 degrees>]
File: ./figures/irf_fin.pdf Graphic file (type pdf)
<use ./figures/irf_fin.pdf>
Package pdftex.def Info: ./figures/irf_fin.pdf  used on input line 696.
(pdftex.def)             Requested size: 179.25114pt x 129.26306pt.
File: ./figures/irf_HP.pdf Graphic file (type pdf)
<use ./figures/irf_HP.pdf>
Package pdftex.def Info: ./figures/irf_HP.pdf  used on input line 696.
(pdftex.def)             Requested size: 179.25114pt x 129.26306pt.
File: ./figures/irf_UR.pdf Graphic file (type pdf)
<use ./figures/irf_UR.pdf>
Package pdftex.def Info: ./figures/irf_UR.pdf  used on input line 696.
(pdftex.def)             Requested size: 179.25114pt x 129.26306pt.


pdfTeX warning: pdflatex.exe (file ./figures/irf_W.pdf): PDF inclusion: found P
DF version <1.6>, but at most version <1.5> allowed
<./figures/irf_W.pdf, id=1817, 230.59189pt x 166.27881pt>
File: ./figures/irf_W.pdf Graphic file (type pdf)
<use ./figures/irf_W.pdf>
Package pdftex.def Info: ./figures/irf_W.pdf  used on input line 696.
(pdftex.def)             Requested size: 179.25114pt x 129.26306pt.

Overfull \vbox (43.32483pt too high) detected at line 696
 []

[39

 <./figures/irf_W.pdf>]
<./figures/urChangeByIncQuint_EA.pdf, id=1853, 230.59189pt x 166.27881pt>
File: ./figures/urChangeByIncQuint_EA.pdf Graphic file (type pdf)
<use ./figures/urChangeByIncQuint_EA.pdf>
Package pdftex.def Info: ./figures/urChangeByIncQuint_EA.pdf  used on input lin
e 719.
(pdftex.def)             Requested size: 318.67209pt x 229.82018pt.

Overfull \vbox (29.34805pt too high) detected at line 719
 []

[40

 <./figures/urChangeByIncQuint_EA.pdf>]

pdfTeX warning: pdflatex.exe (file ./figures/wealthDecomp.pdf): PDF inclusion: 
found PDF version <1.6>, but at most version <1.5> allowed
<./figures/wealthDecomp.pdf, id=1883, 230.59189pt x 166.27881pt>
File: ./figures/wealthDecomp.pdf Graphic file (type pdf)
<use ./figures/wealthDecomp.pdf>
Package pdftex.def Info: ./figures/wealthDecomp.pdf  used on input line 733.
(pdftex.def)             Requested size: 278.83578pt x 201.09138pt.

Overfull \vbox (15.77483pt too high) detected at line 733
 []

[41

 <./figures/wealthDecomp.pdf>]

pdfTeX warning: pdflatex.exe (file ./figures/dn3001_chart_DE.pdf): PDF inclusio
n: found PDF version <1.6>, but at most version <1.5> allowed
<./figures/dn3001_chart_DE.pdf, id=1919, 230.59189pt x 166.27881pt>
File: ./figures/dn3001_chart_DE.pdf Graphic file (type pdf)
<use ./figures/dn3001_chart_DE.pdf>
Package pdftex.def Info: ./figures/dn3001_chart_DE.pdf  used on input line 749.

(pdftex.def)             Requested size: 159.333pt x 114.89993pt.


pdfTeX warning: pdflatex.exe (file ./figures/dn3001_chart_ES.pdf): PDF inclusio
n: found PDF version <1.6>, but at most version <1.5> allowed
<./figures/dn3001_chart_ES.pdf, id=1920, 230.59189pt x 166.27881pt>
File: ./figures/dn3001_chart_ES.pdf Graphic file (type pdf)
<use ./figures/dn3001_chart_ES.pdf>
Package pdftex.def Info: ./figures/dn3001_chart_ES.pdf  used on input line 749.

(pdftex.def)             Requested size: 159.333pt x 114.89993pt.


pdfTeX warning: pdflatex.exe (file ./figures/dn3001_chart_FR.pdf): PDF inclusio
n: found PDF version <1.6>, but at most version <1.5> allowed
<./figures/dn3001_chart_FR.pdf, id=1921, 230.59189pt x 166.27881pt>
File: ./figures/dn3001_chart_FR.pdf Graphic file (type pdf)
<use ./figures/dn3001_chart_FR.pdf>
Package pdftex.def Info: ./figures/dn3001_chart_FR.pdf  used on input line 749.

(pdftex.def)             Requested size: 159.333pt x 114.89993pt.


pdfTeX warning: pdflatex.exe (file ./figures/dn3001_chart_IT.pdf): PDF inclusio
n: found PDF version <1.6>, but at most version <1.5> allowed
<./figures/dn3001_chart_IT.pdf, id=1922, 230.59189pt x 166.27881pt>
File: ./figures/dn3001_chart_IT.pdf Graphic file (type pdf)
<use ./figures/dn3001_chart_IT.pdf>
Package pdftex.def Info: ./figures/dn3001_chart_IT.pdf  used on input line 749.

(pdftex.def)             Requested size: 159.333pt x 114.89993pt.

Overfull \vbox (39.25414pt too high) detected at line 749
 []

[42

 <./figures/dn3001_chart_DE.pdf> <./figures/dn3001_chart_ES.pdf> <./figures/dn3
001_chart_FR.pdf> <./figures/dn3001_chart_IT.pdf>]
<./figures/fFof_ES.pdf, id=1988, 485.6839pt x 403.8307pt>
File: ./figures/fFof_ES.pdf Graphic file (type pdf)
<use ./figures/fFof_ES.pdf>
Package pdftex.def Info: ./figures/fFof_ES.pdf  used on input line 763.
(pdftex.def)             Requested size: 278.83578pt x 231.84961pt.

Overfull \vbox (44.29527pt too high) detected at line 763
 []

[43

 <./figures/fFof_ES.pdf>]
<./figures/fRegHP.pdf, id=2021, 501.982pt x 418.68018pt>
File: ./figures/fRegHP.pdf Graphic file (type pdf)
<use ./figures/fRegHP.pdf>
Package pdftex.def Info: ./figures/fRegHP.pdf  used on input line 777.
(pdftex.def)             Requested size: 278.83578pt x 232.56828pt.

Overfull \vbox (17.8698pt too high) detected at line 777
 []

[44

 <./figures/fRegHP.pdf>]
<./figures/fHP_irf_level_scatter.pdf, id=2052, 513.77646pt x 396.82953pt>
File: ./figures/fHP_irf_level_scatter.pdf Graphic file (type pdf)
<use ./figures/fHP_irf_level_scatter.pdf>
Package pdftex.def Info: ./figures/fHP_irf_level_scatter.pdf  used on input lin
e 790.
(pdftex.def)             Requested size: 278.83578pt x 215.37466pt.

Overfull \vbox (15.51086pt too high) detected at line 790
 []

[45

 <./figures/fHP_irf_level_scatter.pdf>]
<./figures/fProfits.pdf, id=2082, 514.43352pt x 419.82448pt>
File: ./figures/fProfits.pdf Graphic file (type pdf)
<use ./figures/fProfits.pdf>
Package pdftex.def Info: ./figures/fProfits.pdf  used on input line 802.
(pdftex.def)             Requested size: 278.83578pt x 227.56665pt.

Overfull \vbox (11.36536pt too high) detected at line 802
 []

[46

 <./figures/fProfits.pdf>]

pdfTeX warning: pdflatex.exe (file ./figures/UR_chart_DE_compare_uni.pdf): PDF 
inclusion: found PDF version <1.6>, but at most version <1.5> allowed
<./figures/UR_chart_DE_compare_uni.pdf, id=2115, 230.59189pt x 166.27881pt>
File: ./figures/UR_chart_DE_compare_uni.pdf Graphic file (type pdf)
<use ./figures/UR_chart_DE_compare_uni.pdf>
Package pdftex.def Info: ./figures/UR_chart_DE_compare_uni.pdf  used on input l
ine 816.
(pdftex.def)             Requested size: 159.333pt x 114.89993pt.


pdfTeX warning: pdflatex.exe (file ./figures/UR_chart_ES_compare_uni.pdf): PDF 
inclusion: found PDF version <1.6>, but at most version <1.5> allowed
<./figures/UR_chart_ES_compare_uni.pdf, id=2116, 230.59189pt x 166.27881pt>
File: ./figures/UR_chart_ES_compare_uni.pdf Graphic file (type pdf)
<use ./figures/UR_chart_ES_compare_uni.pdf>
Package pdftex.def Info: ./figures/UR_chart_ES_compare_uni.pdf  used on input l
ine 816.
(pdftex.def)             Requested size: 159.333pt x 114.89993pt.


pdfTeX warning: pdflatex.exe (file ./figures/UR_chart_FR_compare_uni.pdf): PDF 
inclusion: found PDF version <1.6>, but at most version <1.5> allowed
<./figures/UR_chart_FR_compare_uni.pdf, id=2117, 230.59189pt x 166.27881pt>
File: ./figures/UR_chart_FR_compare_uni.pdf Graphic file (type pdf)
<use ./figures/UR_chart_FR_compare_uni.pdf>
Package pdftex.def Info: ./figures/UR_chart_FR_compare_uni.pdf  used on input l
ine 816.
(pdftex.def)             Requested size: 159.333pt x 114.89993pt.


pdfTeX warning: pdflatex.exe (file ./figures/UR_chart_IT_compare_uni.pdf): PDF 
inclusion: found PDF version <1.6>, but at most version <1.5> allowed
<./figures/UR_chart_IT_compare_uni.pdf, id=2118, 230.59189pt x 166.27881pt>
File: ./figures/UR_chart_IT_compare_uni.pdf Graphic file (type pdf)
<use ./figures/UR_chart_IT_compare_uni.pdf>
Package pdftex.def Info: ./figures/UR_chart_IT_compare_uni.pdf  used on input l
ine 816.
(pdftex.def)             Requested size: 159.333pt x 114.89993pt.

Overfull \vbox (30.19858pt too high) detected at line 816
 []

[47

 <./figures/UR_chart_DE_compare_uni.pdf> <./figures/UR_chart_ES_compare_uni.pdf
> <./figures/UR_chart_FR_compare_uni.pdf> <./figures/UR_chart_IT_compare_uni.pd
f>]

pdfTeX warning: pdflatex.exe (file ./figures/UR_chart_DE_compare_noXC.pdf): PDF
 inclusion: found PDF version <1.6>, but at most version <1.5> allowed
<./figures/UR_chart_DE_compare_noXC.pdf, id=2185, 230.59189pt x 166.27881pt>
File: ./figures/UR_chart_DE_compare_noXC.pdf Graphic file (type pdf)
<use ./figures/UR_chart_DE_compare_noXC.pdf>
Package pdftex.def Info: ./figures/UR_chart_DE_compare_noXC.pdf  used on input 
line 830.
(pdftex.def)             Requested size: 159.333pt x 114.89993pt.


pdfTeX warning: pdflatex.exe (file ./figures/UR_chart_ES_compare_noXC.pdf): PDF
 inclusion: found PDF version <1.6>, but at most version <1.5> allowed
<./figures/UR_chart_ES_compare_noXC.pdf, id=2186, 230.59189pt x 166.27881pt>
File: ./figures/UR_chart_ES_compare_noXC.pdf Graphic file (type pdf)
<use ./figures/UR_chart_ES_compare_noXC.pdf>
Package pdftex.def Info: ./figures/UR_chart_ES_compare_noXC.pdf  used on input 
line 830.
(pdftex.def)             Requested size: 159.333pt x 114.89993pt.


pdfTeX warning: pdflatex.exe (file ./figures/UR_chart_FR_compare_noXC.pdf): PDF
 inclusion: found PDF version <1.6>, but at most version <1.5> allowed
<./figures/UR_chart_FR_compare_noXC.pdf, id=2187, 230.59189pt x 166.27881pt>
File: ./figures/UR_chart_FR_compare_noXC.pdf Graphic file (type pdf)
<use ./figures/UR_chart_FR_compare_noXC.pdf>
Package pdftex.def Info: ./figures/UR_chart_FR_compare_noXC.pdf  used on input 
line 830.
(pdftex.def)             Requested size: 159.333pt x 114.89993pt.


pdfTeX warning: pdflatex.exe (file ./figures/UR_chart_IT_compare_noXC.pdf): PDF
 inclusion: found PDF version <1.6>, but at most version <1.5> allowed
<./figures/UR_chart_IT_compare_noXC.pdf, id=2188, 230.59189pt x 166.27881pt>
File: ./figures/UR_chart_IT_compare_noXC.pdf Graphic file (type pdf)
<use ./figures/UR_chart_IT_compare_noXC.pdf>
Package pdftex.def Info: ./figures/UR_chart_IT_compare_noXC.pdf  used on input 
line 830.
(pdftex.def)             Requested size: 159.333pt x 114.89993pt.

Overfull \vbox (30.19858pt too high) detected at line 830
 []

[48

 <./figures/UR_chart_DE_compare_noXC.pdf> <./figures/UR_chart_ES_compare_noXC.p
df> <./figures/UR_chart_FR_compare_noXC.pdf> <./figures/UR_chart_IT_compare_noX
C.pdf>]

pdfTeX warning: pdflatex.exe (file ./figures/meanIncomeByIncQuint_EA_decompFinI
nc_per4.pdf): PDF inclusion: found PDF version <1.6>, but at most version <1.5>
 allowed
<./figures/meanIncomeByIncQuint_EA_decompFinInc_per4.pdf, id=2255, 230.59189pt 
x 166.27881pt>
File: ./figures/meanIncomeByIncQuint_EA_decompFinInc_per4.pdf Graphic file (typ
e pdf)
<use ./figures/meanIncomeByIncQuint_EA_decompFinInc_per4.pdf>
Package pdftex.def Info: ./figures/meanIncomeByIncQuint_EA_decompFinInc_per4.pd
f  used on input line 842.
(pdftex.def)             Requested size: 278.83578pt x 201.09138pt.

Overfull \vbox (15.77483pt too high) detected at line 842
 []

[49

 <./figures/meanIncomeByIncQuint_EA_decompFinInc_per4.pdf>]

pdfTeX warning: pdflatex.exe (file ./figures/medianNetWealthByWquint_EA_stockBo
ost_15.pdf): PDF inclusion: found PDF version <1.6>, but at most version <1.5> 
allowed
<./figures/medianNetWealthByWquint_EA_stockBoost_15.pdf, id=2293, 230.59189pt x
 166.27881pt>
File: ./figures/medianNetWealthByWquint_EA_stockBoost_15.pdf Graphic file (type
 pdf)
<use ./figures/medianNetWealthByWquint_EA_stockBoost_15.pdf>
Package pdftex.def Info: ./figures/medianNetWealthByWquint_EA_stockBoost_15.pdf
  used on input line 855.
(pdftex.def)             Requested size: 278.83578pt x 201.09138pt.

Overfull \vbox (22.12874pt too high) detected at line 855
 []

[50

 <./figures/medianNetWealthByWquint_EA_stockBoost_15.pdf>]

pdfTeX warning: pdflatex.exe (file ./figures/NNP.pdf): PDF inclusion: found PDF
 version <1.6>, but at most version <1.5> allowed
<./figures/NNP.pdf, id=2329, 730.5894pt x 528.22504pt>
File: ./figures/NNP.pdf Graphic file (type pdf)
<use ./figures/NNP.pdf>
Package pdftex.def Info: ./figures/NNP.pdf  used on input line 867.
(pdftex.def)             Requested size: 318.67209pt x 230.40471pt.

Overfull \vbox (14.20341pt too high) detected at line 867
 []

[51

 <./figures/NNP.pdf>]
<./figures/netIRexposure.png, id=2360, 690.58pt x 502.87875pt>
File: ./figures/netIRexposure.png Graphic file (type png)
<use ./figures/netIRexposure.png>
Package pdftex.def Info: ./figures/netIRexposure.png  used on input line 885.
(pdftex.def)             Requested size: 239.00558pt x 174.03815pt.

Overfull \vbox (26.58685pt too high) detected at line 885
 []

[52

 <./figures/netIRexposure.png>] [53

]
\tf@nav=\write6
\openout6 = `lsInequality-Slides_bergamo.nav'.

\tf@toc=\write7
\openout7 = `lsInequality-Slides_bergamo.toc'.

\tf@snm=\write8
\openout8 = `lsInequality-Slides_bergamo.snm'.

Package atveryend Info: Empty hook `BeforeClearDocument' on input line 915.
Package atveryend Info: Empty hook `AfterLastShipout' on input line 915.
 (lsInequality-Slides_bergamo.aux)
Package atveryend Info: Executing hook `AtVeryEndDocument' on input line 915.
Package atveryend Info: Executing hook `AtEndAfterFileList' on input line 915.
Package rerunfilecheck Info: File `lsInequality-Slides_bergamo.out' has not cha
nged.
(rerunfilecheck)             Checksum: A6DD7BBCFB3B794564C3139A0531F5A4;242.


LaTeX Font Warning: Size substitutions with differences
(Font)              up to 1.0pt have occurred.

Package atveryend Info: Empty hook `AtVeryVeryEnd' on input line 915.
 ) 
Here is how much of TeX's memory you used:
 18958 strings out of 492976
 351713 string characters out of 3140413
 435442 words of memory out of 3000000
 22189 multiletter control sequences out of 15000+200000
 21045 words of font info for 80 fonts, out of 3000000 for 9000
 1141 hyphenation exceptions out of 8191
 56i,21n,55p,464b,615s stack positions out of 5000i,500n,10000p,200000b,50000s
<C:/APPS/MiKTeX2.9/fonts/type1/public/amsfonts/cm/cmex10.pfb><C:/APPS/MiKTeX2
.9/fonts/type1/public/amsfonts/cmextra/cmex9.pfb><C:/APPS/MiKTeX2.9/fonts/type1
/public/amsfonts/cm/cmmi10.pfb><C:/APPS/MiKTeX2.9/fonts/type1/public/amsfonts/c
m/cmmi7.pfb><C:/APPS/MiKTeX2.9/fonts/type1/public/amsfonts/cm/cmmi9.pfb><C:/APP
S/MiKTeX2.9/fonts/type1/public/amsfonts/cm/cmss10.pfb><C:/APPS/MiKTeX2.9/fonts/
type1/public/amsfonts/cm/cmss8.pfb><C:/APPS/MiKTeX2.9/fonts/type1/public/amsfon
ts/cm/cmss9.pfb><C:/APPS/MiKTeX2.9/fonts/type1/public/amsfonts/cm/cmssbx10.pfb>
<C:/APPS/MiKTeX2.9/fonts/type1/public/amsfonts/cm/cmssi10.pfb><C:/APPS/MiKTeX2.
9/fonts/type1/public/amsfonts/cm/cmssi8.pfb><C:/APPS/MiKTeX2.9/fonts/type1/publ
ic/amsfonts/cm/cmssi9.pfb><C:/APPS/MiKTeX2.9/fonts/type1/public/amsfonts/cm/cms
y10.pfb><C:/APPS/MiKTeX2.9/fonts/type1/public/amsfonts/cm/cmsy7.pfb><C:/APPS/Mi
KTeX2.9/fonts/type1/public/amsfonts/cm/cmsy8.pfb><C:/APPS/MiKTeX2.9/fonts/type1
/public/amsfonts/cm/cmsy9.pfb><C:/APPS/MiKTeX2.9/fonts/type1/public/amsfonts/cm
/cmtt8.pfb><C:/APPS/MiKTeX2.9/fonts/type1/public/amsfonts/symbols/msam10.pfb><C
:/APPS/MiKTeX2.9/fonts/type1/public/amsfonts/symbols/msam7.pfb>
Output written on lsInequality-Slides_bergamo.pdf (53 pages, 2998342 bytes).
PDF statistics:
 2499 PDF objects out of 2984 (max. 8388607)
 125 named destinations out of 1000 (max. 500000)
 303 words of extra memory for PDF output out of 10000 (max. 10000000)

